[  info ] 2020/09/26 20:09:43 blockchain.go:53: No blocks found in the db. Creating the genesis block
[  info ] 2020/09/26 20:09:43 blockchain.go:100: Adding new block: &block.Block{mut:(*sync.Mutex)(nil), header:(*block.BlockHeader)(nil), hash:[32]uint8{0x0, 0x0, 0x0, 0x0, 0x0, 0x0, 0x0, 0x0, 0x0, 0x0, 0x0, 0x0, 0x0, 0x0, 0x0, 0x0, 0x0, 0x0, 0x0, 0x0, 0x0, 0x0, 0x0, 0x0, 0x0, 0x0, 0x0, 0x0, 0x0, 0x0, 0x0, 0x0}, transactions:[]*transaction.Transaction(nil), signerAddr:"", extraNonce:0x0} 
[  info ] 2020/09/26 20:09:43 blockchain.go:101: Now the length of the chain is 0:
[  info ] 2020/09/26 20:09:43 server.go:46: Starting service Blockchain 
[  info ] 2020/09/26 20:09:43 server.go:51: Successfully started service Blockchain 
[  info ] 2020/09/26 20:09:43 server.go:46: Starting service Miner 
[  info ] 2020/09/26 20:09:43 miner.go:38: Mining process started
[  info ] 2020/09/26 20:09:43 server.go:51: Successfully started service Miner 
[  info ] 2020/09/26 20:09:43 server.go:54: Successfully started the node
[  info ] 2020/09/26 20:09:43 miner.go:114: Started generating a new block
[  info ] 2020/09/26 20:09:43 transactions.go:59: action=AddInput
[  info ] 2020/09/26 20:09:43 transactions.go:65: action=AddOutput
[  info ] 2020/09/26 20:09:43 transactions.go:28: action=CalcHash
[  info ] 2020/09/26 20:09:43 miner.go:114: Started generating a new block
[  info ] 2020/09/26 20:09:43 transactions.go:59: action=AddInput
[  info ] 2020/09/26 20:09:43 transactions.go:65: action=AddOutput
[  info ] 2020/09/26 20:09:43 miner.go:114: Started generating a new block
[  info ] 2020/09/26 20:09:43 transactions.go:59: action=AddInput
[  info ] 2020/09/26 20:09:43 transactions.go:65: action=AddOutput
[  info ] 2020/09/26 20:09:43 miner.go:114: Started generating a new block
[  info ] 2020/09/26 20:09:43 transactions.go:59: action=AddInput
[  info ] 2020/09/26 20:09:43 miner.go:114: Started generating a new block
[  info ] 2020/09/26 20:09:43 transactions.go:59: action=AddInput
[  info ] 2020/09/26 20:09:43 transactions.go:65: action=AddOutput
[  info ] 2020/09/26 20:09:43 transactions.go:28: action=CalcHash
[  info ] 2020/09/26 20:09:43 miner.go:114: Started generating a new block
[  info ] 2020/09/26 20:09:43 transactions.go:59: action=AddInput
[  info ] 2020/09/26 20:09:43 transactions.go:65: action=AddOutput
[  info ] 2020/09/26 20:09:43 transactions.go:28: action=CalcHash
[  info ] 2020/09/26 20:09:43 miner.go:114: Started generating a new block
[  info ] 2020/09/26 20:09:43 transactions.go:59: action=AddInput
[  info ] 2020/09/26 20:09:43 transactions.go:65: action=AddOutput
[  info ] 2020/09/26 20:09:43 transactions.go:28: action=CalcHash
[  info ] 2020/09/26 20:09:43 miner.go:114: Started generating a new block
[  info ] 2020/09/26 20:09:43 transactions.go:59: action=AddInput
[  info ] 2020/09/26 20:09:43 transactions.go:65: action=AddOutput
[  info ] 2020/09/26 20:09:43 transactions.go:28: action=CalcHash
[  info ] 2020/09/26 20:09:43 miner.go:114: Started generating a new block
[  info ] 2020/09/26 20:09:43 transactions.go:59: action=AddInput
[  info ] 2020/09/26 20:09:43 transactions.go:65: action=AddOutput
[  info ] 2020/09/26 20:09:43 transactions.go:28: action=CalcHash
[  info ] 2020/09/26 20:09:43 miner.go:114: Started generating a new block
[  info ] 2020/09/26 20:09:43 transactions.go:59: action=AddInput
[  info ] 2020/09/26 20:09:43 transactions.go:65: action=AddOutput
[  info ] 2020/09/26 20:09:43 transactions.go:28: action=CalcHash
[  info ] 2020/09/26 20:09:43 miner.go:114: Started generating a new block
[  info ] 2020/09/26 20:09:43 miner.go:114: Started generating a new block
[  info ] 2020/09/26 20:09:43 transactions.go:28: action=CalcHash
[  info ] 2020/09/26 20:09:43 transactions.go:28: action=CalcHash
[  info ] 2020/09/26 20:09:43 transactions.go:65: action=AddOutput
[  info ] 2020/09/26 20:09:43 transactions.go:59: action=AddInput
[  info ] 2020/09/26 20:09:43 transactions.go:65: action=AddOutput
[  info ] 2020/09/26 20:09:43 transactions.go:28: action=CalcHash
[  info ] 2020/09/26 20:09:43 transactions.go:28: action=CalcHash
[  info ] 2020/09/26 20:09:43 transactions.go:59: action=AddInput
[  info ] 2020/09/26 20:09:43 transactions.go:65: action=AddOutput
[  info ] 2020/09/26 20:09:43 transactions.go:28: action=CalcHash
[  info ] 2020/09/26 20:09:43 miner.go:106: Found a valid nonce: 109856 
[  info ] 2020/09/26 20:09:43 blockchain.go:100: Adding new block: &block.Block{mut:(*sync.Mutex)(0xc00021e160), header:(*block.BlockHeader)(0xc000226080), hash:[32]uint8{0x0, 0x0, 0x4, 0xc, 0x2, 0x3f, 0xd8, 0x0, 0x90, 0xfc, 0x6d, 0x45, 0x9e, 0x75, 0x78, 0x59, 0xb4, 0xaf, 0x8f, 0xd7, 0x45, 0x49, 0x65, 0x16, 0x11, 0xf7, 0xd1, 0x9f, 0x74, 0xab, 0xb7, 0x10}, transactions:[]*transaction.Transaction{(*transaction.Transaction)(0xc000228240)}, signerAddr:"Miner", extraNonce:0xafd3a30c} 
[  info ] 2020/09/26 20:09:43 blockchain.go:101: Now the length of the chain is 1:
[  info ] 2020/09/26 20:09:43 miner.go:132: 0000040c023fd80090fc6d459e757859b4af8fd74549651611f7d19f74abb710 
[  info ] 2020/09/26 20:09:43 miner.go:133: Closing the quit channel
[  info ] 2020/09/26 20:09:43 miner.go:57: Restarting Miner
[  info ] 2020/09/26 20:09:43 miner.go:49: Mining process stopped
[  info ] 2020/09/26 20:09:43 miner.go:38: Mining process started
[  info ] 2020/09/26 20:09:43 transactions.go:59: action=AddInput
[  info ] 2020/09/26 20:09:43 transactions.go:65: action=AddOutput
[  info ] 2020/09/26 20:09:43 transactions.go:28: action=CalcHash
[  info ] 2020/09/26 20:09:43 transactions.go:59: action=AddInput
[  info ] 2020/09/26 20:09:43 transactions.go:65: action=AddOutput
[  info ] 2020/09/26 20:09:43 transactions.go:28: action=CalcHash
[  info ] 2020/09/26 20:09:43 miner.go:114: Started generating a new block
[  info ] 2020/09/26 20:09:43 transactions.go:59: action=AddInput
[  info ] 2020/09/26 20:09:43 transactions.go:65: action=AddOutput
[  info ] 2020/09/26 20:09:43 transactions.go:28: action=CalcHash
[  info ] 2020/09/26 20:09:43 miner.go:82: Someone closed the quit channel
[  info ] 2020/09/26 20:09:43 miner.go:114: Started generating a new block
[  info ] 2020/09/26 20:09:43 transactions.go:59: action=AddInput
[  info ] 2020/09/26 20:09:43 transactions.go:65: action=AddOutput
[  info ] 2020/09/26 20:09:43 transactions.go:28: action=CalcHash
[  info ] 2020/09/26 20:09:43 miner.go:114: Started generating a new block
[  info ] 2020/09/26 20:09:43 transactions.go:59: action=AddInput
[  info ] 2020/09/26 20:09:43 transactions.go:65: action=AddOutput
[  info ] 2020/09/26 20:09:43 transactions.go:28: action=CalcHash
[  info ] 2020/09/26 20:09:43 miner.go:114: Started generating a new block
[  info ] 2020/09/26 20:09:43 transactions.go:59: action=AddInput
[  info ] 2020/09/26 20:09:43 transactions.go:65: action=AddOutput
[  info ] 2020/09/26 20:09:43 transactions.go:28: action=CalcHash
[  info ] 2020/09/26 20:09:43 miner.go:114: Started generating a new block
[  info ] 2020/09/26 20:09:43 miner.go:114: Started generating a new block
[  info ] 2020/09/26 20:09:43 transactions.go:59: action=AddInput
[  info ] 2020/09/26 20:09:43 transactions.go:65: action=AddOutput
[  info ] 2020/09/26 20:09:43 transactions.go:28: action=CalcHash
[  info ] 2020/09/26 20:09:43 miner.go:114: Started generating a new block
[  info ] 2020/09/26 20:09:43 transactions.go:59: action=AddInput
[  info ] 2020/09/26 20:09:43 miner.go:114: Started generating a new block
[  info ] 2020/09/26 20:09:43 miner.go:114: Started generating a new block
[  info ] 2020/09/26 20:09:43 miner.go:114: Started generating a new block
[  info ] 2020/09/26 20:09:43 miner.go:114: Started generating a new block
[  info ] 2020/09/26 20:09:43 miner.go:114: Started generating a new block
[  info ] 2020/09/26 20:09:43 transactions.go:59: action=AddInput
[  info ] 2020/09/26 20:09:43 transactions.go:65: action=AddOutput
[  info ] 2020/09/26 20:09:43 transactions.go:28: action=CalcHash
[  info ] 2020/09/26 20:09:43 transactions.go:59: action=AddInput
[  info ] 2020/09/26 20:09:43 transactions.go:65: action=AddOutput
[  info ] 2020/09/26 20:09:43 transactions.go:28: action=CalcHash
[  info ] 2020/09/26 20:09:43 transactions.go:59: action=AddInput
[  info ] 2020/09/26 20:09:43 transactions.go:65: action=AddOutput
[  info ] 2020/09/26 20:09:43 transactions.go:28: action=CalcHash
[  info ] 2020/09/26 20:09:43 transactions.go:65: action=AddOutput
[  info ] 2020/09/26 20:09:43 transactions.go:28: action=CalcHash
[  info ] 2020/09/26 20:09:43 transactions.go:59: action=AddInput
[  info ] 2020/09/26 20:09:43 transactions.go:65: action=AddOutput
[  info ] 2020/09/26 20:09:43 transactions.go:28: action=CalcHash
[  info ] 2020/09/26 20:09:43 transactions.go:59: action=AddInput
[  info ] 2020/09/26 20:09:43 transactions.go:65: action=AddOutput
[  info ] 2020/09/26 20:09:43 transactions.go:28: action=CalcHash
[  info ] 2020/09/26 20:09:43 transactions.go:59: action=AddInput
[  info ] 2020/09/26 20:09:43 transactions.go:65: action=AddOutput
[  info ] 2020/09/26 20:09:43 transactions.go:28: action=CalcHash
[  info ] 2020/09/26 20:27:00 blockchain.go:53: No blocks found in the db. Creating the genesis block
[  info ] 2020/09/26 20:27:00 blockchain.go:100: Adding new block: &block.Block{mut:(*sync.Mutex)(nil), header:(*block.BlockHeader)(nil), hash:[32]uint8{0x0, 0x0, 0x0, 0x0, 0x0, 0x0, 0x0, 0x0, 0x0, 0x0, 0x0, 0x0, 0x0, 0x0, 0x0, 0x0, 0x0, 0x0, 0x0, 0x0, 0x0, 0x0, 0x0, 0x0, 0x0, 0x0, 0x0, 0x0, 0x0, 0x0, 0x0, 0x0}, transactions:[]*transaction.Transaction(nil), signerAddr:"", extraNonce:0x0} 
[  info ] 2020/09/26 20:27:00 blockchain.go:101: Now the length of the chain is 0:
[  info ] 2020/09/26 20:27:00 server.go:46: Starting service Blockchain 
[  info ] 2020/09/26 20:27:00 server.go:51: Successfully started service Blockchain 
[  info ] 2020/09/26 20:27:00 server.go:46: Starting service Miner 
[ debug ] 2020/09/26 20:27:00 miner.go:38: Mining process started
[  info ] 2020/09/26 20:27:00 server.go:51: Successfully started service Miner 
[  info ] 2020/09/26 20:27:00 server.go:54: Successfully started the node
[ trace ] 2020/09/26 20:27:00 miner.go:113: Started generating a new block
[  info ] 2020/09/26 20:27:00 transactions.go:59: action=AddInput
[  info ] 2020/09/26 20:27:00 transactions.go:65: action=AddOutput
[ trace ] 2020/09/26 20:27:00 miner.go:113: Started generating a new block
[  info ] 2020/09/26 20:27:00 transactions.go:59: action=AddInput
[ trace ] 2020/09/26 20:27:00 miner.go:113: Started generating a new block
[ trace ] 2020/09/26 20:27:00 miner.go:113: Started generating a new block
[  info ] 2020/09/26 20:27:00 transactions.go:59: action=AddInput
[  info ] 2020/09/26 20:27:00 transactions.go:65: action=AddOutput
[  info ] 2020/09/26 20:27:00 transactions.go:28: action=CalcHash
[  info ] 2020/09/26 20:27:00 transactions.go:28: action=CalcHash
[ trace ] 2020/09/26 20:27:00 miner.go:113: Started generating a new block
[  info ] 2020/09/26 20:27:00 transactions.go:59: action=AddInput
[  info ] 2020/09/26 20:27:00 transactions.go:65: action=AddOutput
[  info ] 2020/09/26 20:27:00 transactions.go:28: action=CalcHash
[ trace ] 2020/09/26 20:27:00 miner.go:113: Started generating a new block
[  info ] 2020/09/26 20:27:00 transactions.go:59: action=AddInput
[  info ] 2020/09/26 20:27:00 transactions.go:65: action=AddOutput
[  info ] 2020/09/26 20:27:00 transactions.go:28: action=CalcHash
[ trace ] 2020/09/26 20:27:00 miner.go:113: Started generating a new block
[  info ] 2020/09/26 20:27:00 transactions.go:59: action=AddInput
[ trace ] 2020/09/26 20:27:00 miner.go:113: Started generating a new block
[  info ] 2020/09/26 20:27:00 transactions.go:59: action=AddInput
[  info ] 2020/09/26 20:27:00 transactions.go:65: action=AddOutput
[  info ] 2020/09/26 20:27:00 transactions.go:28: action=CalcHash
[  info ] 2020/09/26 20:27:00 transactions.go:65: action=AddOutput
[  info ] 2020/09/26 20:27:00 transactions.go:28: action=CalcHash
[ trace ] 2020/09/26 20:27:00 miner.go:113: Started generating a new block
[  info ] 2020/09/26 20:27:00 transactions.go:59: action=AddInput
[  info ] 2020/09/26 20:27:00 transactions.go:65: action=AddOutput
[  info ] 2020/09/26 20:27:00 transactions.go:28: action=CalcHash
[ trace ] 2020/09/26 20:27:00 miner.go:113: Started generating a new block
[  info ] 2020/09/26 20:27:00 transactions.go:59: action=AddInput
[  info ] 2020/09/26 20:27:00 transactions.go:65: action=AddOutput
[  info ] 2020/09/26 20:27:00 transactions.go:28: action=CalcHash
[  info ] 2020/09/26 20:27:00 transactions.go:59: action=AddInput
[ trace ] 2020/09/26 20:27:00 miner.go:113: Started generating a new block
[  info ] 2020/09/26 20:27:00 transactions.go:59: action=AddInput
[  info ] 2020/09/26 20:27:00 transactions.go:65: action=AddOutput
[  info ] 2020/09/26 20:27:00 transactions.go:28: action=CalcHash
[ trace ] 2020/09/26 20:27:00 miner.go:113: Started generating a new block
[  info ] 2020/09/26 20:27:00 transactions.go:59: action=AddInput
[  info ] 2020/09/26 20:27:00 transactions.go:65: action=AddOutput
[  info ] 2020/09/26 20:27:00 transactions.go:28: action=CalcHash
[  info ] 2020/09/26 20:27:00 transactions.go:65: action=AddOutput
[  info ] 2020/09/26 20:27:00 transactions.go:28: action=CalcHash
[  info ] 2020/09/26 20:27:00 transactions.go:65: action=AddOutput
[  info ] 2020/09/26 20:27:00 transactions.go:28: action=CalcHash
[  info ] 2020/09/26 20:27:00 miner.go:105: Found a valid nonce: 61152 
[  info ] 2020/09/26 20:27:00 blockchain.go:100: Adding new block: &block.Block{mut:(*sync.Mutex)(0xc0000b44a0), header:(*block.BlockHeader)(0xc0000b2100), hash:[32]uint8{0x0, 0x0, 0x9, 0xaa, 0xff, 0xb3, 0x55, 0xb1, 0x6d, 0x52, 0x2f, 0xca, 0xe3, 0xf5, 0x5e, 0x96, 0x69, 0x22, 0xe5, 0xb9, 0x7c, 0xa4, 0x43, 0x4e, 0x9c, 0xbe, 0x32, 0xfd, 0x26, 0xe6, 0x63, 0x42}, transactions:[]*transaction.Transaction{(*transaction.Transaction)(0xc0000b07e0)}, signerAddr:"Miner", extraNonce:0x2811a558} 
[  info ] 2020/09/26 20:27:00 blockchain.go:101: Now the length of the chain is 1:
[  info ] 2020/09/26 20:27:00 miner.go:131: 000009aaffb355b16d522fcae3f55e966922e5b97ca4434e9cbe32fd26e66342 
[ debug ] 2020/09/26 20:27:00 miner.go:132: Closing the quit channel
[ debug ] 2020/09/26 20:27:00 miner.go:57: Restarting Miner
[ debug ] 2020/09/26 20:27:00 miner.go:49: Mining process stopped
[ debug ] 2020/09/26 20:27:00 miner.go:38: Mining process started
[  info ] 2020/09/26 20:27:00 transactions.go:59: action=AddInput
[  info ] 2020/09/26 20:27:00 transactions.go:65: action=AddOutput
[  info ] 2020/09/26 20:27:00 transactions.go:28: action=CalcHash
[ debug ] 2020/09/26 20:27:00 miner.go:81: Someone closed the quit channel
[ trace ] 2020/09/26 20:27:00 miner.go:113: Started generating a new block
[  info ] 2020/09/26 20:27:00 transactions.go:59: action=AddInput
[ trace ] 2020/09/26 20:27:00 miner.go:113: Started generating a new block
[ trace ] 2020/09/26 20:27:00 miner.go:113: Started generating a new block
[ trace ] 2020/09/26 20:27:00 miner.go:113: Started generating a new block
[ trace ] 2020/09/26 20:27:00 miner.go:113: Started generating a new block
[ trace ] 2020/09/26 20:27:00 miner.go:113: Started generating a new block
[ trace ] 2020/09/26 20:27:00 miner.go:113: Started generating a new block
[ trace ] 2020/09/26 20:27:00 miner.go:113: Started generating a new block
[ trace ] 2020/09/26 20:27:00 miner.go:113: Started generating a new block
[ trace ] 2020/09/26 20:27:00 miner.go:113: Started generating a new block
[ trace ] 2020/09/26 20:27:00 miner.go:113: Started generating a new block
[ trace ] 2020/09/26 20:27:00 miner.go:113: Started generating a new block
[  info ] 2020/09/26 20:27:00 transactions.go:65: action=AddOutput
[  info ] 2020/09/26 20:27:00 transactions.go:28: action=CalcHash
[  info ] 2020/09/26 20:27:00 transactions.go:59: action=AddInput
[  info ] 2020/09/26 20:27:00 transactions.go:65: action=AddOutput
[  info ] 2020/09/26 20:27:00 transactions.go:28: action=CalcHash
[  info ] 2020/09/26 20:27:00 transactions.go:59: action=AddInput
[  info ] 2020/09/26 20:27:00 transactions.go:65: action=AddOutput
[  info ] 2020/09/26 20:27:00 transactions.go:28: action=CalcHash
[  info ] 2020/09/26 20:27:00 transactions.go:59: action=AddInput
[  info ] 2020/09/26 20:27:00 transactions.go:65: action=AddOutput
[  info ] 2020/09/26 20:27:00 transactions.go:28: action=CalcHash
[  info ] 2020/09/26 20:27:00 transactions.go:59: action=AddInput
[  info ] 2020/09/26 20:27:00 transactions.go:59: action=AddInput
[  info ] 2020/09/26 20:27:00 transactions.go:65: action=AddOutput
[  info ] 2020/09/26 20:27:00 transactions.go:28: action=CalcHash
[  info ] 2020/09/26 20:27:00 transactions.go:59: action=AddInput
[  info ] 2020/09/26 20:27:00 transactions.go:65: action=AddOutput
[  info ] 2020/09/26 20:27:00 transactions.go:28: action=CalcHash
[  info ] 2020/09/26 20:27:00 transactions.go:59: action=AddInput
[  info ] 2020/09/26 20:27:00 transactions.go:65: action=AddOutput
[  info ] 2020/09/26 20:27:00 transactions.go:28: action=CalcHash
[  info ] 2020/09/26 20:27:00 transactions.go:65: action=AddOutput
[  info ] 2020/09/26 20:27:00 transactions.go:28: action=CalcHash
[  info ] 2020/09/26 20:27:00 transactions.go:59: action=AddInput
[  info ] 2020/09/26 20:27:00 transactions.go:65: action=AddOutput
[  info ] 2020/09/26 20:27:00 transactions.go:28: action=CalcHash
[  info ] 2020/09/26 20:27:00 transactions.go:59: action=AddInput
[  info ] 2020/09/26 20:27:00 transactions.go:65: action=AddOutput
[  info ] 2020/09/26 20:27:00 transactions.go:28: action=CalcHash
[  info ] 2020/09/26 20:27:00 transactions.go:59: action=AddInput
[  info ] 2020/09/26 20:27:00 transactions.go:65: action=AddOutput
[  info ] 2020/09/26 20:27:00 transactions.go:28: action=CalcHash
[  info ] 2020/09/26 20:27:00 transactions.go:59: action=AddInput
[  info ] 2020/09/26 20:27:00 transactions.go:65: action=AddOutput
[  info ] 2020/09/26 20:27:00 transactions.go:28: action=CalcHash
[  info ] 2020/09/26 20:27:00 miner.go:105: Found a valid nonce: 89684 
[  info ] 2020/09/26 20:27:00 blockchain.go:100: Adding new block: &block.Block{mut:(*sync.Mutex)(0xc000676028), header:(*block.BlockHeader)(0xc00051e040), hash:[32]uint8{0x0, 0x0, 0x8, 0x72, 0xb1, 0xb6, 0x1a, 0xc5, 0xa, 0x3d, 0xe2, 0xa5, 0x6e, 0x31, 0xec, 0xce, 0xe9, 0x14, 0x57, 0xdc, 0x18, 0x7, 0xbd, 0x8b, 0x88, 0xf1, 0x22, 0x21, 0x79, 0x17, 0xd, 0x34}, transactions:[]*transaction.Transaction{(*transaction.Transaction)(0xc000294180)}, signerAddr:"Miner", extraNonce:0xd04ab55f} 
[  info ] 2020/09/26 20:27:00 blockchain.go:101: Now the length of the chain is 2:
[  info ] 2020/09/26 20:27:00 miner.go:131: 00000872b1b61ac50a3de2a56e31eccee91457dc1807bd8b88f1222179170d34 
[ debug ] 2020/09/26 20:27:00 miner.go:132: Closing the quit channel
[ debug ] 2020/09/26 20:27:00 miner.go:57: Restarting Miner
[ debug ] 2020/09/26 20:27:00 miner.go:49: Mining process stopped
[ debug ] 2020/09/26 20:27:00 miner.go:38: Mining process started
[  info ] 2020/09/26 20:27:00 transactions.go:59: action=AddInput
[  info ] 2020/09/26 20:27:00 transactions.go:65: action=AddOutput
[  info ] 2020/09/26 20:27:00 transactions.go:28: action=CalcHash
[ debug ] 2020/09/26 20:27:00 miner.go:81: Someone closed the quit channel
[ trace ] 2020/09/26 20:27:00 miner.go:113: Started generating a new block
[  info ] 2020/09/26 20:27:00 transactions.go:59: action=AddInput
[  info ] 2020/09/26 20:27:00 transactions.go:65: action=AddOutput
[  info ] 2020/09/26 20:27:00 transactions.go:28: action=CalcHash
[ trace ] 2020/09/26 20:27:00 miner.go:113: Started generating a new block
[  info ] 2020/09/26 20:27:00 transactions.go:59: action=AddInput
[  info ] 2020/09/26 20:27:00 transactions.go:65: action=AddOutput
[  info ] 2020/09/26 20:27:00 transactions.go:28: action=CalcHash
[ trace ] 2020/09/26 20:27:00 miner.go:113: Started generating a new block
[  info ] 2020/09/26 20:27:00 transactions.go:59: action=AddInput
[  info ] 2020/09/26 20:27:00 transactions.go:65: action=AddOutput
[  info ] 2020/09/26 20:27:00 transactions.go:28: action=CalcHash
[ trace ] 2020/09/26 20:27:00 miner.go:113: Started generating a new block
[  info ] 2020/09/26 20:27:00 transactions.go:59: action=AddInput
[ trace ] 2020/09/26 20:27:00 miner.go:113: Started generating a new block
[  info ] 2020/09/26 20:27:00 transactions.go:59: action=AddInput
[  info ] 2020/09/26 20:27:00 transactions.go:65: action=AddOutput
[  info ] 2020/09/26 20:27:00 transactions.go:28: action=CalcHash
[ trace ] 2020/09/26 20:27:00 miner.go:113: Started generating a new block
[  info ] 2020/09/26 20:27:00 transactions.go:59: action=AddInput
[  info ] 2020/09/26 20:27:00 transactions.go:65: action=AddOutput
[  info ] 2020/09/26 20:27:00 transactions.go:28: action=CalcHash
[ trace ] 2020/09/26 20:27:00 miner.go:113: Started generating a new block
[  info ] 2020/09/26 20:27:00 transactions.go:59: action=AddInput
[  info ] 2020/09/26 20:27:00 transactions.go:65: action=AddOutput
[  info ] 2020/09/26 20:27:00 transactions.go:28: action=CalcHash
[ trace ] 2020/09/26 20:27:00 miner.go:113: Started generating a new block
[  info ] 2020/09/26 20:27:00 transactions.go:59: action=AddInput
[  info ] 2020/09/26 20:27:00 transactions.go:65: action=AddOutput
[  info ] 2020/09/26 20:27:00 transactions.go:28: action=CalcHash
[ trace ] 2020/09/26 20:27:00 miner.go:113: Started generating a new block
[  info ] 2020/09/26 20:27:00 transactions.go:59: action=AddInput
[  info ] 2020/09/26 20:27:00 transactions.go:65: action=AddOutput
[  info ] 2020/09/26 20:27:00 transactions.go:28: action=CalcHash
[ trace ] 2020/09/26 20:27:00 miner.go:113: Started generating a new block
[  info ] 2020/09/26 20:27:00 transactions.go:59: action=AddInput
[  info ] 2020/09/26 20:27:00 transactions.go:65: action=AddOutput
[  info ] 2020/09/26 20:27:00 transactions.go:28: action=CalcHash
[ trace ] 2020/09/26 20:27:00 miner.go:113: Started generating a new block
[  info ] 2020/09/26 20:27:00 transactions.go:59: action=AddInput
[ trace ] 2020/09/26 20:27:00 miner.go:113: Started generating a new block
[  info ] 2020/09/26 20:27:00 transactions.go:65: action=AddOutput
[  info ] 2020/09/26 20:27:00 transactions.go:65: action=AddOutput
[  info ] 2020/09/26 20:27:00 transactions.go:28: action=CalcHash
[  info ] 2020/09/26 20:27:00 transactions.go:28: action=CalcHash
[  info ] 2020/09/26 20:27:00 transactions.go:59: action=AddInput
[  info ] 2020/09/26 20:27:00 transactions.go:65: action=AddOutput
[  info ] 2020/09/26 20:27:00 transactions.go:28: action=CalcHash
[  info ] 2020/09/26 20:27:00 miner.go:105: Found a valid nonce: 14987 
[  info ] 2020/09/26 20:27:00 blockchain.go:100: Adding new block: &block.Block{mut:(*sync.Mutex)(0xc0003cc510), header:(*block.BlockHeader)(0xc00006e340), hash:[32]uint8{0x0, 0x0, 0x8, 0x79, 0x24, 0xc, 0xcd, 0x6, 0x3f, 0x20, 0x7a, 0x74, 0x1e, 0xd3, 0xb2, 0x1b, 0x28, 0x3b, 0xf4, 0x10, 0xfd, 0xde, 0xb8, 0x27, 0x0, 0xcf, 0x5, 0x13, 0x6e, 0xce, 0x17, 0x3c}, transactions:[]*transaction.Transaction{(*transaction.Transaction)(0xc0001a25a0)}, signerAddr:"Miner", extraNonce:0x34e299f0} 
[  info ] 2020/09/26 20:27:00 blockchain.go:101: Now the length of the chain is 3:
[  info ] 2020/09/26 20:27:00 miner.go:131: 00000879240ccd063f207a741ed3b21b283bf410fddeb82700cf05136ece173c 
[ debug ] 2020/09/26 20:27:00 miner.go:132: Closing the quit channel
[ debug ] 2020/09/26 20:27:00 miner.go:57: Restarting Miner
[ debug ] 2020/09/26 20:27:00 miner.go:49: Mining process stopped
[ debug ] 2020/09/26 20:27:00 miner.go:81: Someone closed the quit channel
[ debug ] 2020/09/26 20:27:00 miner.go:38: Mining process started
[  info ] 2020/09/26 20:27:00 transactions.go:59: action=AddInput
[  info ] 2020/09/26 20:27:00 transactions.go:65: action=AddOutput
[  info ] 2020/09/26 20:27:00 transactions.go:28: action=CalcHash
[  info ] 2020/09/26 20:27:00 transactions.go:59: action=AddInput
[  info ] 2020/09/26 20:27:00 transactions.go:65: action=AddOutput
[  info ] 2020/09/26 20:27:00 transactions.go:28: action=CalcHash
[ trace ] 2020/09/26 20:27:00 miner.go:113: Started generating a new block
[  info ] 2020/09/26 20:27:00 transactions.go:59: action=AddInput
[  info ] 2020/09/26 20:27:00 transactions.go:65: action=AddOutput
[  info ] 2020/09/26 20:27:00 transactions.go:28: action=CalcHash
[  info ] 2020/09/26 20:27:00 transactions.go:59: action=AddInput
[  info ] 2020/09/26 20:27:00 transactions.go:65: action=AddOutput
[ trace ] 2020/09/26 20:27:00 miner.go:113: Started generating a new block
[ trace ] 2020/09/26 20:27:00 miner.go:113: Started generating a new block
[ trace ] 2020/09/26 20:27:00 miner.go:113: Started generating a new block
[ trace ] 2020/09/26 20:27:00 miner.go:113: Started generating a new block
[ trace ] 2020/09/26 20:27:00 miner.go:113: Started generating a new block
[ trace ] 2020/09/26 20:27:00 miner.go:113: Started generating a new block
[ trace ] 2020/09/26 20:27:00 miner.go:113: Started generating a new block
[ trace ] 2020/09/26 20:27:00 miner.go:113: Started generating a new block
[ trace ] 2020/09/26 20:27:00 miner.go:113: Started generating a new block
[ trace ] 2020/09/26 20:27:00 miner.go:113: Started generating a new block
[ trace ] 2020/09/26 20:27:00 miner.go:113: Started generating a new block
[  info ] 2020/09/26 20:27:00 transactions.go:28: action=CalcHash
[  info ] 2020/09/26 20:27:00 miner.go:105: Found a valid nonce: 31467 
[  info ] 2020/09/26 20:27:00 transactions.go:59: action=AddInput
[  info ] 2020/09/26 20:27:00 transactions.go:59: action=AddInput
[  info ] 2020/09/26 20:27:00 transactions.go:65: action=AddOutput
[  info ] 2020/09/26 20:27:00 transactions.go:28: action=CalcHash
[  info ] 2020/09/26 20:27:00 transactions.go:59: action=AddInput
[  info ] 2020/09/26 20:27:00 transactions.go:65: action=AddOutput
[  info ] 2020/09/26 20:27:00 transactions.go:28: action=CalcHash
[  info ] 2020/09/26 20:27:00 transactions.go:59: action=AddInput
[  info ] 2020/09/26 20:27:00 transactions.go:65: action=AddOutput
[  info ] 2020/09/26 20:27:00 transactions.go:28: action=CalcHash
[  info ] 2020/09/26 20:27:00 transactions.go:59: action=AddInput
[  info ] 2020/09/26 20:27:00 transactions.go:65: action=AddOutput
[  info ] 2020/09/26 20:27:00 transactions.go:28: action=CalcHash
[  info ] 2020/09/26 20:27:00 transactions.go:59: action=AddInput
[  info ] 2020/09/26 20:27:00 transactions.go:65: action=AddOutput
[  info ] 2020/09/26 20:27:00 transactions.go:28: action=CalcHash
[  info ] 2020/09/26 20:27:00 transactions.go:59: action=AddInput
[  info ] 2020/09/26 20:27:00 transactions.go:65: action=AddOutput
[  info ] 2020/09/26 20:27:00 transactions.go:28: action=CalcHash
[  info ] 2020/09/26 20:27:00 transactions.go:59: action=AddInput
[  info ] 2020/09/26 20:27:00 transactions.go:65: action=AddOutput
[  info ] 2020/09/26 20:27:00 transactions.go:28: action=CalcHash
[  info ] 2020/09/26 20:27:00 transactions.go:59: action=AddInput
[  info ] 2020/09/26 20:27:00 transactions.go:65: action=AddOutput
[  info ] 2020/09/26 20:27:00 transactions.go:28: action=CalcHash
[  info ] 2020/09/26 20:27:00 transactions.go:59: action=AddInput
[  info ] 2020/09/26 20:27:00 transactions.go:65: action=AddOutput
[  info ] 2020/09/26 20:27:00 transactions.go:28: action=CalcHash
[  info ] 2020/09/26 20:27:00 transactions.go:59: action=AddInput
[  info ] 2020/09/26 20:27:00 transactions.go:65: action=AddOutput
[  info ] 2020/09/26 20:27:00 blockchain.go:100: Adding new block: &block.Block{mut:(*sync.Mutex)(0xc000140bf0), header:(*block.BlockHeader)(0xc00006e140), hash:[32]uint8{0x0, 0x0, 0x2, 0x0, 0x84, 0x3, 0x65, 0xc8, 0x32, 0x1c, 0x21, 0xf4, 0xe1, 0x2b, 0x6a, 0x42, 0x9f, 0xde, 0x46, 0x53, 0x1e, 0x4c, 0x82, 0xa2, 0xa3, 0xd0, 0xc5, 0x42, 0x83, 0xd4, 0x5a, 0x12}, transactions:[]*transaction.Transaction{(*transaction.Transaction)(0xc000025560)}, signerAddr:"Miner", extraNonce:0x78092a35} 
[  info ] 2020/09/26 20:27:01 blockchain.go:101: Now the length of the chain is 4:
[  info ] 2020/09/26 20:27:01 miner.go:131: 00000200840365c8321c21f4e12b6a429fde46531e4c82a2a3d0c54283d45a12 
[  info ] 2020/09/26 20:28:44 blockchain.go:53: No blocks found in the db. Creating the genesis block
[  info ] 2020/09/26 20:28:44 blockchain.go:100: Adding new block: &block.Block{mut:(*sync.Mutex)(nil), header:(*block.BlockHeader)(nil), hash:[32]uint8{0x0, 0x0, 0x0, 0x0, 0x0, 0x0, 0x0, 0x0, 0x0, 0x0, 0x0, 0x0, 0x0, 0x0, 0x0, 0x0, 0x0, 0x0, 0x0, 0x0, 0x0, 0x0, 0x0, 0x0, 0x0, 0x0, 0x0, 0x0, 0x0, 0x0, 0x0, 0x0}, transactions:[]*transaction.Transaction(nil), signerAddr:"", extraNonce:0x0} 
[  info ] 2020/09/26 20:28:44 blockchain.go:101: Now the length of the chain is 0:
[  info ] 2020/09/26 20:28:44 server.go:46: Starting service Blockchain 
[  info ] 2020/09/26 20:28:44 server.go:51: Successfully started service Blockchain 
[  info ] 2020/09/26 20:28:44 server.go:46: Starting service Miner 
[  info ] 2020/09/26 20:28:44 server.go:51: Successfully started service Miner 
[  info ] 2020/09/26 20:28:44 server.go:54: Successfully started the node
[  info ] 2020/09/26 20:28:44 transactions.go:59: action=AddInput
[  info ] 2020/09/26 20:28:44 transactions.go:59: action=AddInput
[  info ] 2020/09/26 20:28:44 transactions.go:65: action=AddOutput
[  info ] 2020/09/26 20:28:44 transactions.go:59: action=AddInput
[  info ] 2020/09/26 20:28:44 transactions.go:65: action=AddOutput
[  info ] 2020/09/26 20:28:44 transactions.go:28: action=CalcHash
[  info ] 2020/09/26 20:28:44 transactions.go:59: action=AddInput
[  info ] 2020/09/26 20:28:44 transactions.go:65: action=AddOutput
[  info ] 2020/09/26 20:28:44 transactions.go:28: action=CalcHash
[  info ] 2020/09/26 20:28:44 transactions.go:59: action=AddInput
[  info ] 2020/09/26 20:28:44 transactions.go:65: action=AddOutput
[  info ] 2020/09/26 20:28:44 transactions.go:28: action=CalcHash
[  info ] 2020/09/26 20:28:44 transactions.go:59: action=AddInput
[  info ] 2020/09/26 20:28:44 transactions.go:65: action=AddOutput
[  info ] 2020/09/26 20:28:44 transactions.go:28: action=CalcHash
[  info ] 2020/09/26 20:28:44 transactions.go:59: action=AddInput
[  info ] 2020/09/26 20:28:44 transactions.go:65: action=AddOutput
[  info ] 2020/09/26 20:28:44 transactions.go:28: action=CalcHash
[  info ] 2020/09/26 20:28:44 transactions.go:59: action=AddInput
[  info ] 2020/09/26 20:28:44 transactions.go:65: action=AddOutput
[  info ] 2020/09/26 20:28:44 transactions.go:28: action=CalcHash
[  info ] 2020/09/26 20:28:44 transactions.go:59: action=AddInput
[  info ] 2020/09/26 20:28:44 transactions.go:65: action=AddOutput
[  info ] 2020/09/26 20:28:44 transactions.go:28: action=CalcHash
[  info ] 2020/09/26 20:28:44 transactions.go:59: action=AddInput
[  info ] 2020/09/26 20:28:44 transactions.go:65: action=AddOutput
[  info ] 2020/09/26 20:28:44 transactions.go:28: action=CalcHash
[  info ] 2020/09/26 20:28:44 transactions.go:59: action=AddInput
[  info ] 2020/09/26 20:28:44 transactions.go:65: action=AddOutput
[  info ] 2020/09/26 20:28:44 transactions.go:28: action=CalcHash
[  info ] 2020/09/26 20:28:44 transactions.go:65: action=AddOutput
[  info ] 2020/09/26 20:28:44 transactions.go:28: action=CalcHash
[  info ] 2020/09/26 20:28:44 transactions.go:59: action=AddInput
[  info ] 2020/09/26 20:28:44 transactions.go:65: action=AddOutput
[  info ] 2020/09/26 20:28:44 transactions.go:28: action=CalcHash
[  info ] 2020/09/26 20:28:44 transactions.go:28: action=CalcHash
[  info ] 2020/09/26 20:28:45 miner.go:105: Found a valid nonce: 98536 
[  info ] 2020/09/26 20:28:45 blockchain.go:100: Adding new block: &block.Block{mut:(*sync.Mutex)(0xc000490000), header:(*block.BlockHeader)(0xc00048c000), hash:[32]uint8{0x0, 0x0, 0x2, 0xd2, 0xd4, 0xf2, 0x8a, 0xa9, 0x81, 0xee, 0x4d, 0xc3, 0x8e, 0x2b, 0x64, 0x32, 0x24, 0xfe, 0xa3, 0xb9, 0x64, 0x91, 0x2e, 0x6d, 0x39, 0xb5, 0x2, 0x9f, 0xfd, 0xae, 0x2d, 0xec}, transactions:[]*transaction.Transaction{(*transaction.Transaction)(0xc00048e060)}, signerAddr:"Miner", extraNonce:0xd04ab55f} 
[  info ] 2020/09/26 20:28:45 blockchain.go:101: Now the length of the chain is 1:
[  info ] 2020/09/26 20:28:45 miner.go:131: 000002d2d4f28aa981ee4dc38e2b643224fea3b964912e6d39b5029ffdae2dec 
[  info ] 2020/09/26 20:28:45 transactions.go:59: action=AddInput
[  info ] 2020/09/26 20:28:45 transactions.go:65: action=AddOutput
[  info ] 2020/09/26 20:28:45 transactions.go:28: action=CalcHash
[  info ] 2020/09/26 20:28:45 transactions.go:59: action=AddInput
[  info ] 2020/09/26 20:28:45 transactions.go:65: action=AddOutput
[  info ] 2020/09/26 20:28:45 transactions.go:28: action=CalcHash
[  info ] 2020/09/26 20:28:45 miner.go:105: Found a valid nonce: 103958 
[  info ] 2020/09/26 20:28:45 blockchain.go:100: Adding new block: &block.Block{mut:(*sync.Mutex)(0xc0000b4360), header:(*block.BlockHeader)(0xc0000b20c0), hash:[32]uint8{0x0, 0x0, 0x3, 0x8d, 0x46, 0xa0, 0x60, 0xb2, 0xa6, 0x29, 0xb5, 0x5a, 0x1f, 0x66, 0xc1, 0x2b, 0x9d, 0xdd, 0x57, 0x7b, 0xfe, 0x67, 0x46, 0x3f, 0x74, 0x49, 0x72, 0x20, 0xbb, 0x98, 0x8d, 0xf6}, transactions:[]*transaction.Transaction{(*transaction.Transaction)(0xc0000b06c0)}, signerAddr:"Miner", extraNonce:0xf0c5341e} 
[  info ] 2020/09/26 20:28:45 blockchain.go:101: Now the length of the chain is 2:
[  info ] 2020/09/26 20:28:45 miner.go:131: 0000038d46a060b2a629b55a1f66c12b9ddd577bfe67463f74497220bb988df6 
[  info ] 2020/09/26 20:28:45 transactions.go:59: action=AddInput
[  info ] 2020/09/26 20:28:45 transactions.go:65: action=AddOutput
[  info ] 2020/09/26 20:28:45 transactions.go:28: action=CalcHash
[  info ] 2020/09/26 20:28:45 transactions.go:59: action=AddInput
[  info ] 2020/09/26 20:28:45 transactions.go:65: action=AddOutput
[  info ] 2020/09/26 20:28:45 transactions.go:28: action=CalcHash
[  info ] 2020/09/26 20:28:45 transactions.go:59: action=AddInput
[  info ] 2020/09/26 20:28:45 transactions.go:65: action=AddOutput
[  info ] 2020/09/26 20:28:45 transactions.go:28: action=CalcHash
[  info ] 2020/09/26 20:28:45 transactions.go:59: action=AddInput
[  info ] 2020/09/26 20:28:45 transactions.go:65: action=AddOutput
[  info ] 2020/09/26 20:28:45 transactions.go:28: action=CalcHash
[  info ] 2020/09/26 20:28:45 transactions.go:59: action=AddInput
[  info ] 2020/09/26 20:28:45 transactions.go:65: action=AddOutput
[  info ] 2020/09/26 20:28:45 transactions.go:28: action=CalcHash
[  info ] 2020/09/26 20:28:45 transactions.go:59: action=AddInput
[  info ] 2020/09/26 20:28:45 transactions.go:65: action=AddOutput
[  info ] 2020/09/26 20:28:45 transactions.go:28: action=CalcHash
[  info ] 2020/09/26 20:28:45 transactions.go:59: action=AddInput
[  info ] 2020/09/26 20:28:45 transactions.go:65: action=AddOutput
[  info ] 2020/09/26 20:28:45 transactions.go:28: action=CalcHash
[  info ] 2020/09/26 20:28:45 transactions.go:59: action=AddInput
[  info ] 2020/09/26 20:28:45 transactions.go:65: action=AddOutput
[  info ] 2020/09/26 20:28:45 transactions.go:28: action=CalcHash
[  info ] 2020/09/26 20:28:45 transactions.go:59: action=AddInput
[  info ] 2020/09/26 20:28:45 transactions.go:65: action=AddOutput
[  info ] 2020/09/26 20:28:45 transactions.go:28: action=CalcHash
[  info ] 2020/09/26 20:28:45 transactions.go:59: action=AddInput
[  info ] 2020/09/26 20:28:45 transactions.go:65: action=AddOutput
[  info ] 2020/09/26 20:28:45 transactions.go:28: action=CalcHash
[  info ] 2020/09/26 20:28:45 transactions.go:59: action=AddInput
[  info ] 2020/09/26 20:28:45 transactions.go:65: action=AddOutput
[  info ] 2020/09/26 20:28:45 transactions.go:28: action=CalcHash
[  info ] 2020/09/26 20:28:45 transactions.go:59: action=AddInput
[  info ] 2020/09/26 20:28:45 transactions.go:59: action=AddInput
[  info ] 2020/09/26 20:28:45 transactions.go:65: action=AddOutput
[  info ] 2020/09/26 20:28:45 transactions.go:28: action=CalcHash
[  info ] 2020/09/26 20:28:45 transactions.go:59: action=AddInput
[  info ] 2020/09/26 20:28:45 transactions.go:65: action=AddOutput
[  info ] 2020/09/26 20:28:45 transactions.go:28: action=CalcHash
[  info ] 2020/09/26 20:28:45 transactions.go:65: action=AddOutput
[  info ] 2020/09/26 20:28:45 transactions.go:59: action=AddInput
[  info ] 2020/09/26 20:28:45 transactions.go:65: action=AddOutput
[  info ] 2020/09/26 20:28:45 transactions.go:28: action=CalcHash
[  info ] 2020/09/26 20:28:45 transactions.go:28: action=CalcHash
[  info ] 2020/09/26 20:28:45 transactions.go:59: action=AddInput
[  info ] 2020/09/26 20:28:45 transactions.go:65: action=AddOutput
[  info ] 2020/09/26 20:28:45 transactions.go:28: action=CalcHash
[  info ] 2020/09/26 20:28:45 transactions.go:59: action=AddInput
[  info ] 2020/09/26 20:28:45 transactions.go:65: action=AddOutput
[  info ] 2020/09/26 20:28:45 transactions.go:28: action=CalcHash
[  info ] 2020/09/26 20:28:45 transactions.go:59: action=AddInput
[  info ] 2020/09/26 20:28:45 transactions.go:65: action=AddOutput
[  info ] 2020/09/26 20:28:45 transactions.go:59: action=AddInput
[  info ] 2020/09/26 20:28:45 transactions.go:59: action=AddInput
[  info ] 2020/09/26 20:28:45 transactions.go:59: action=AddInput
[  info ] 2020/09/26 20:28:45 transactions.go:59: action=AddInput
[  info ] 2020/09/26 20:28:45 transactions.go:59: action=AddInput
[  info ] 2020/09/26 20:28:45 transactions.go:59: action=AddInput
[  info ] 2020/09/26 20:28:45 transactions.go:59: action=AddInput
[  info ] 2020/09/26 20:28:45 transactions.go:28: action=CalcHash
[  info ] 2020/09/26 20:28:45 transactions.go:65: action=AddOutput
[  info ] 2020/09/26 20:28:45 transactions.go:65: action=AddOutput
[  info ] 2020/09/26 20:28:45 transactions.go:28: action=CalcHash
[  info ] 2020/09/26 20:28:45 transactions.go:65: action=AddOutput
[  info ] 2020/09/26 20:28:45 transactions.go:28: action=CalcHash
[  info ] 2020/09/26 20:28:45 transactions.go:65: action=AddOutput
[  info ] 2020/09/26 20:28:45 transactions.go:28: action=CalcHash
[  info ] 2020/09/26 20:28:45 transactions.go:28: action=CalcHash
[  info ] 2020/09/26 20:28:45 transactions.go:65: action=AddOutput
[  info ] 2020/09/26 20:28:45 transactions.go:28: action=CalcHash
[  info ] 2020/09/26 20:28:45 transactions.go:65: action=AddOutput
[  info ] 2020/09/26 20:28:45 transactions.go:28: action=CalcHash
[  info ] 2020/09/26 20:28:45 transactions.go:65: action=AddOutput
[  info ] 2020/09/26 20:28:45 transactions.go:28: action=CalcHash
[  info ] 2020/09/26 20:28:45 miner.go:105: Found a valid nonce: 23428 
[  info ] 2020/09/26 20:28:45 blockchain.go:100: Adding new block: &block.Block{mut:(*sync.Mutex)(0xc000280008), header:(*block.BlockHeader)(0xc0003a0080), hash:[32]uint8{0x0, 0x0, 0x2, 0x8e, 0x70, 0xdc, 0x98, 0x37, 0x18, 0xae, 0xab, 0xcb, 0x62, 0x80, 0x4b, 0x17, 0x73, 0x32, 0xc2, 0x44, 0x90, 0x27, 0xa0, 0xdd, 0xe9, 0x3d, 0xd, 0x1a, 0x72, 0x21, 0xc7, 0x65}, transactions:[]*transaction.Transaction{(*transaction.Transaction)(0xc0004538c0)}, signerAddr:"Miner", extraNonce:0xdccc3d24} 
[  info ] 2020/09/26 20:28:45 blockchain.go:101: Now the length of the chain is 3:
[  info ] 2020/09/26 20:28:45 miner.go:131: 0000028e70dc983718aeabcb62804b177332c2449027a0dde93d0d1a7221c765 
[  info ] 2020/09/26 20:28:45 transactions.go:59: action=AddInput
[  info ] 2020/09/26 20:28:45 transactions.go:65: action=AddOutput
[  info ] 2020/09/26 20:28:45 transactions.go:28: action=CalcHash
[  info ] 2020/09/26 20:28:45 transactions.go:59: action=AddInput
[  info ] 2020/09/26 20:28:45 transactions.go:65: action=AddOutput
[  info ] 2020/09/26 20:28:45 transactions.go:28: action=CalcHash
[  info ] 2020/09/26 20:28:45 transactions.go:59: action=AddInput
[  info ] 2020/09/26 20:28:45 transactions.go:65: action=AddOutput
[  info ] 2020/09/26 20:28:45 transactions.go:28: action=CalcHash
[  info ] 2020/09/26 20:28:45 transactions.go:59: action=AddInput
[  info ] 2020/09/26 20:28:45 transactions.go:65: action=AddOutput
[  info ] 2020/09/26 20:28:45 transactions.go:28: action=CalcHash
[  info ] 2020/09/26 20:28:45 transactions.go:59: action=AddInput
[  info ] 2020/09/26 20:28:45 transactions.go:65: action=AddOutput
[  info ] 2020/09/26 20:28:45 transactions.go:28: action=CalcHash
[  info ] 2020/09/26 20:28:45 transactions.go:59: action=AddInput
[  info ] 2020/09/26 20:28:45 transactions.go:65: action=AddOutput
[  info ] 2020/09/26 20:28:45 transactions.go:28: action=CalcHash
[  info ] 2020/09/26 20:28:45 transactions.go:59: action=AddInput
[  info ] 2020/09/26 20:28:45 transactions.go:65: action=AddOutput
[  info ] 2020/09/26 20:28:45 transactions.go:59: action=AddInput
[  info ] 2020/09/26 20:28:45 miner.go:105: Found a valid nonce: 1311 
[  info ] 2020/09/26 20:28:45 transactions.go:59: action=AddInput
[  info ] 2020/09/26 20:28:45 transactions.go:59: action=AddInput
[  info ] 2020/09/26 20:28:45 transactions.go:28: action=CalcHash
[  info ] 2020/09/26 20:28:45 transactions.go:59: action=AddInput
[  info ] 2020/09/26 20:28:45 miner.go:105: Found a valid nonce: 26571 
[  info ] 2020/09/26 20:28:45 transactions.go:59: action=AddInput
[  info ] 2020/09/26 20:28:45 transactions.go:65: action=AddOutput
[  info ] 2020/09/26 20:28:45 transactions.go:28: action=CalcHash
[  info ] 2020/09/26 20:28:45 transactions.go:65: action=AddOutput
[  info ] 2020/09/26 20:28:45 transactions.go:28: action=CalcHash
[  info ] 2020/09/26 20:28:45 transactions.go:65: action=AddOutput
[  info ] 2020/09/26 20:28:45 transactions.go:28: action=CalcHash
[  info ] 2020/09/26 20:30:07 blockchain.go:53: No blocks found in the db. Creating the genesis block
[  info ] 2020/09/26 20:30:07 server.go:46: Starting service Blockchain 
[  info ] 2020/09/26 20:30:07 server.go:51: Successfully started service Blockchain 
[  info ] 2020/09/26 20:30:07 server.go:46: Starting service Miner 
[  info ] 2020/09/26 20:30:07 server.go:51: Successfully started service Miner 
[  info ] 2020/09/26 20:30:07 server.go:54: Successfully started the node
[  info ] 2020/09/26 20:30:07 miner.go:105: Found a valid nonce: 22829 
[  info ] 2020/09/26 20:30:07 miner.go:131: 00000d9f2f2dad03aa004654ea5296cc6f23c69e3339af644516b85142139323 
[  info ] 2020/09/26 20:30:07 miner.go:105: Found a valid nonce: 54983 
[  info ] 2020/09/26 20:30:07 miner.go:131: 000000b7e685015c5cf8751dcf487511a0e43cba7424fbe08f278841c86d7c8b 
[  info ] 2020/09/26 20:30:07 miner.go:105: Found a valid nonce: 75033 
[  info ] 2020/09/26 20:30:07 miner.go:131: 00000c7195f6abbfb0193b9db6cc6ead13150ff5d94956fff8accc3f1106ab8d 
[  info ] 2020/09/26 20:30:07 miner.go:105: Found a valid nonce: 58070 
[  info ] 2020/09/26 20:30:07 miner.go:131: 000002e03ae356a3e1e6653f89b6d6125c1f5e7f26d8ec52d7a136b47d20fd69 
[  info ] 2020/09/26 20:30:08 miner.go:105: Found a valid nonce: 58735 
[  info ] 2020/09/26 20:30:08 miner.go:131: 0000037264408636e76e12dbfaac44288f2aee70034566db6e14baaa3a26d678 
[  info ] 2020/09/26 20:30:08 miner.go:105: Found a valid nonce: 90310 
[  info ] 2020/09/26 20:30:08 miner.go:131: 000004874e7e01557fd257c974c845a07fa0add17447aa2a73f68a09944971fb 
[  info ] 2020/09/26 20:30:25 blockchain.go:53: No blocks found in the db. Creating the genesis block
[  info ] 2020/09/26 20:30:25 server.go:46: Starting service Blockchain 
[  info ] 2020/09/26 20:30:25 server.go:51: Successfully started service Blockchain 
[  info ] 2020/09/26 20:30:25 server.go:46: Starting service Miner 
[  info ] 2020/09/26 20:30:25 server.go:51: Successfully started service Miner 
[  info ] 2020/09/26 20:30:25 server.go:54: Successfully started the node
[  info ] 2020/09/26 20:30:25 miner.go:105: Found a valid nonce: 114955 
[  info ] 2020/09/26 20:30:25 miner.go:131: 00000b730f5ffc5ea474c3a741d65da7e0a135d8f9232841c47e20e439045fb8 
[  info ] 2020/09/26 20:30:26 miner.go:105: Found a valid nonce: 23682 
[  info ] 2020/09/26 20:30:26 miner.go:131: 000000651555a909cf854c3866ed08372b5994ef2b2532d09a65c73005f5129c 
[  info ] 2020/09/26 20:30:35 blockchain.go:53: No blocks found in the db. Creating the genesis block
[  info ] 2020/09/26 20:30:35 server.go:46: Starting service Blockchain 
[  info ] 2020/09/26 20:30:35 server.go:51: Successfully started service Blockchain 
[  info ] 2020/09/26 20:30:35 server.go:46: Starting service Miner 
[  info ] 2020/09/26 20:30:35 server.go:51: Successfully started service Miner 
[  info ] 2020/09/26 20:30:35 server.go:54: Successfully started the node
[  info ] 2020/09/26 20:30:35 miner.go:105: Found a valid nonce: 67517 
[  info ] 2020/09/26 20:30:35 miner.go:131: 000003553a02f95016265e8512801ef642f42c62abfa949e3610cdd53bea3dac 
[  info ] 2020/09/26 20:30:35 miner.go:105: Found a valid nonce: 16274 
[  info ] 2020/09/26 20:30:35 miner.go:131: 0000074a81e673f1c9e2c97fd298cc980104e6086689c4421c07d6622503f963 
[  info ] 2020/09/26 20:30:35 miner.go:105: Found a valid nonce: 33868 
[  info ] 2020/09/26 20:30:35 miner.go:131: 000001dc4b74d9421f774ddec50fe94ee61390589f84526a60ec2bd968075b80 
[  info ] 2020/09/26 20:30:35 miner.go:105: Found a valid nonce: 54787 
[  info ] 2020/09/26 20:30:35 miner.go:131: 0000011f81adbd72821d22594667bf558d958b4b530adf3e518ab8984d173da1 
[  info ] 2020/09/26 20:30:35 miner.go:105: Found a valid nonce: 16572 
[  info ] 2020/09/26 20:30:35 miner.go:131: 00000863a06a037d829782ad59e866064a41a6fb620e16a8e37c822235ef99ee 
[  info ] 2020/09/26 20:34:47 blockchain.go:53: No blocks found in the db. Creating the genesis block
[  info ] 2020/09/26 20:34:47 server.go:46: Starting service Blockchain 
[  info ] 2020/09/26 20:34:47 server.go:51: Successfully started service Blockchain 
[  info ] 2020/09/26 20:34:47 server.go:46: Starting service Miner 
[  info ] 2020/09/26 20:34:47 server.go:51: Successfully started service Miner 
[  info ] 2020/09/26 20:34:47 server.go:54: Successfully started the node
[  info ] 2020/09/26 20:34:48 miner.go:105: Found a valid nonce: 222889 
[  info ] 2020/09/26 20:34:48 miner.go:131: 000007d997ee67deef957842f2de6bb4c863923276eab181fcd52f9e00a1743e 
[  info ] 2020/09/26 20:35:50 blockchain.go:53: No blocks found in the db. Creating the genesis block
[  info ] 2020/09/26 20:35:50 server.go:46: Starting service Blockchain 
[  info ] 2020/09/26 20:35:50 server.go:51: Successfully started service Blockchain 
[  info ] 2020/09/26 20:35:50 server.go:46: Starting service Miner 
[  info ] 2020/09/26 20:35:50 server.go:51: Successfully started service Miner 
[  info ] 2020/09/26 20:35:50 server.go:54: Successfully started the node
[  info ] 2020/09/26 20:35:50 miner.go:104: Found a valid nonce: 140731 
[  info ] 2020/09/26 20:35:50 miner.go:130: 00000b6a5b9df645ce023c1bea987b401a3ef629c3a1fa4d028d1d564971135d 
[  info ] 2020/09/26 20:35:50 miner.go:104: Found a valid nonce: 167116 
[  info ] 2020/09/26 20:35:50 miner.go:130: 000003db34cb4ccba9562f08f86cca5b990516d163a3353af1c2f64e7aca4fc7 
[  info ] 2020/09/26 20:35:51 miner.go:104: Found a valid nonce: 32912 
[  info ] 2020/09/26 20:35:51 miner.go:130: 0000076dc4a34d992191e49955a0368fec8b166990fd4f413b972a75b54b00b2 
[  info ] 2020/09/26 20:35:59 blockchain.go:53: No blocks found in the db. Creating the genesis block
[ debug ] 2020/09/26 20:35:59 blockchain.go:100: Adding new block: &block.Block{mut:(*sync.Mutex)(nil), header:(*block.BlockHeader)(nil), hash:[32]uint8{0x0, 0x0, 0x0, 0x0, 0x0, 0x0, 0x0, 0x0, 0x0, 0x0, 0x0, 0x0, 0x0, 0x0, 0x0, 0x0, 0x0, 0x0, 0x0, 0x0, 0x0, 0x0, 0x0, 0x0, 0x0, 0x0, 0x0, 0x0, 0x0, 0x0, 0x0, 0x0}, transactions:[]*transaction.Transaction(nil), signerAddr:"", extraNonce:0x0} 
[ debug ] 2020/09/26 20:35:59 blockchain.go:101: Now the length of the chain is 0:
[  info ] 2020/09/26 20:35:59 server.go:46: Starting service Blockchain 
[  info ] 2020/09/26 20:35:59 server.go:51: Successfully started service Blockchain 
[  info ] 2020/09/26 20:35:59 server.go:46: Starting service Miner 
[ debug ] 2020/09/26 20:35:59 miner.go:38: Mining process started
[  info ] 2020/09/26 20:35:59 server.go:51: Successfully started service Miner 
[  info ] 2020/09/26 20:35:59 server.go:54: Successfully started the node
[ debug ] 2020/09/26 20:35:59 transactions.go:59: action=AddInput
[ debug ] 2020/09/26 20:35:59 transactions.go:65: action=AddOutput
[ debug ] 2020/09/26 20:35:59 transactions.go:28: action=CalcHash
[ debug ] 2020/09/26 20:35:59 transactions.go:59: action=AddInput
[ debug ] 2020/09/26 20:35:59 transactions.go:65: action=AddOutput
[ debug ] 2020/09/26 20:35:59 transactions.go:59: action=AddInput
[ debug ] 2020/09/26 20:35:59 transactions.go:65: action=AddOutput
[ debug ] 2020/09/26 20:35:59 transactions.go:59: action=AddInput
[ debug ] 2020/09/26 20:35:59 transactions.go:65: action=AddOutput
[ debug ] 2020/09/26 20:35:59 transactions.go:28: action=CalcHash
[ debug ] 2020/09/26 20:35:59 transactions.go:59: action=AddInput
[ debug ] 2020/09/26 20:35:59 transactions.go:65: action=AddOutput
[ debug ] 2020/09/26 20:35:59 transactions.go:28: action=CalcHash
[ debug ] 2020/09/26 20:35:59 transactions.go:59: action=AddInput
[ debug ] 2020/09/26 20:35:59 transactions.go:65: action=AddOutput
[ debug ] 2020/09/26 20:35:59 transactions.go:28: action=CalcHash
[ debug ] 2020/09/26 20:35:59 transactions.go:59: action=AddInput
[ debug ] 2020/09/26 20:35:59 transactions.go:65: action=AddOutput
[ debug ] 2020/09/26 20:35:59 transactions.go:28: action=CalcHash
[ debug ] 2020/09/26 20:35:59 transactions.go:59: action=AddInput
[ debug ] 2020/09/26 20:35:59 transactions.go:65: action=AddOutput
[ debug ] 2020/09/26 20:35:59 transactions.go:28: action=CalcHash
[ debug ] 2020/09/26 20:35:59 transactions.go:59: action=AddInput
[ debug ] 2020/09/26 20:35:59 transactions.go:65: action=AddOutput
[ debug ] 2020/09/26 20:35:59 transactions.go:28: action=CalcHash
[ debug ] 2020/09/26 20:35:59 transactions.go:59: action=AddInput
[ debug ] 2020/09/26 20:35:59 transactions.go:65: action=AddOutput
[ debug ] 2020/09/26 20:35:59 transactions.go:28: action=CalcHash
[ debug ] 2020/09/26 20:35:59 transactions.go:59: action=AddInput
[ debug ] 2020/09/26 20:35:59 transactions.go:28: action=CalcHash
[ debug ] 2020/09/26 20:35:59 transactions.go:28: action=CalcHash
[ debug ] 2020/09/26 20:35:59 transactions.go:59: action=AddInput
[ debug ] 2020/09/26 20:35:59 transactions.go:65: action=AddOutput
[ debug ] 2020/09/26 20:35:59 transactions.go:65: action=AddOutput
[ debug ] 2020/09/26 20:35:59 transactions.go:28: action=CalcHash
[ debug ] 2020/09/26 20:35:59 transactions.go:28: action=CalcHash
[  info ] 2020/09/26 20:36:00 miner.go:104: Found a valid nonce: 65630 
[ debug ] 2020/09/26 20:36:00 blockchain.go:100: Adding new block: &block.Block{mut:(*sync.Mutex)(0xc000216018), header:(*block.BlockHeader)(0xc000218040), hash:[32]uint8{0x0, 0x0, 0xb, 0xcf, 0x30, 0x50, 0x3f, 0x6f, 0x41, 0x4a, 0x27, 0x52, 0x7a, 0x0, 0x58, 0xe7, 0xd4, 0x3e, 0x99, 0x80, 0x80, 0xc2, 0xe8, 0xe9, 0xc3, 0xd0, 0x23, 0x0, 0xf3, 0x13, 0x12, 0x23}, transactions:[]*transaction.Transaction{(*transaction.Transaction)(0xc00021a180)}, signerAddr:"Miner", extraNonce:0x4d088f48} 
[ debug ] 2020/09/26 20:36:00 blockchain.go:101: Now the length of the chain is 1:
[  info ] 2020/09/26 20:36:00 miner.go:130: 00000bcf30503f6f414a27527a0058e7d43e998080c2e8e9c3d02300f3131223 
[ debug ] 2020/09/26 20:36:00 miner.go:131: Closing the quit channel
[ debug ] 2020/09/26 20:36:00 miner.go:57: Restarting Miner
[ debug ] 2020/09/26 20:36:00 miner.go:49: Mining process stopped
[ debug ] 2020/09/26 20:36:00 miner.go:38: Mining process started
[ debug ] 2020/09/26 20:36:00 transactions.go:59: action=AddInput
[ debug ] 2020/09/26 20:36:00 transactions.go:65: action=AddOutput
[ debug ] 2020/09/26 20:36:00 transactions.go:28: action=CalcHash
[ debug ] 2020/09/26 20:36:00 miner.go:81: Someone closed the quit channel
[ debug ] 2020/09/26 20:36:00 transactions.go:59: action=AddInput
[ debug ] 2020/09/26 20:36:00 transactions.go:65: action=AddOutput
[ debug ] 2020/09/26 20:36:00 transactions.go:28: action=CalcHash
[ debug ] 2020/09/26 20:36:00 transactions.go:59: action=AddInput
[ debug ] 2020/09/26 20:36:00 transactions.go:65: action=AddOutput
[ debug ] 2020/09/26 20:36:00 transactions.go:59: action=AddInput
[ debug ] 2020/09/26 20:36:00 transactions.go:65: action=AddOutput
[ debug ] 2020/09/26 20:36:00 transactions.go:28: action=CalcHash
[ debug ] 2020/09/26 20:36:00 transactions.go:59: action=AddInput
[ debug ] 2020/09/26 20:36:00 transactions.go:65: action=AddOutput
[ debug ] 2020/09/26 20:36:00 transactions.go:28: action=CalcHash
[ debug ] 2020/09/26 20:36:00 transactions.go:59: action=AddInput
[ debug ] 2020/09/26 20:36:00 transactions.go:65: action=AddOutput
[ debug ] 2020/09/26 20:36:00 transactions.go:28: action=CalcHash
[ debug ] 2020/09/26 20:36:00 transactions.go:28: action=CalcHash
[ debug ] 2020/09/26 20:36:00 transactions.go:59: action=AddInput
[ debug ] 2020/09/26 20:36:00 transactions.go:65: action=AddOutput
[ debug ] 2020/09/26 20:36:00 transactions.go:28: action=CalcHash
[ debug ] 2020/09/26 20:36:00 transactions.go:59: action=AddInput
[ debug ] 2020/09/26 20:36:00 transactions.go:65: action=AddOutput
[ debug ] 2020/09/26 20:36:00 transactions.go:28: action=CalcHash
[ debug ] 2020/09/26 20:36:00 transactions.go:59: action=AddInput
[ debug ] 2020/09/26 20:36:00 transactions.go:59: action=AddInput
[ debug ] 2020/09/26 20:36:00 transactions.go:65: action=AddOutput
[ debug ] 2020/09/26 20:36:00 transactions.go:28: action=CalcHash
[ debug ] 2020/09/26 20:36:00 transactions.go:59: action=AddInput
[ debug ] 2020/09/26 20:36:00 transactions.go:65: action=AddOutput
[ debug ] 2020/09/26 20:36:00 transactions.go:28: action=CalcHash
[ debug ] 2020/09/26 20:36:00 transactions.go:65: action=AddOutput
[ debug ] 2020/09/26 20:36:00 transactions.go:28: action=CalcHash
[ debug ] 2020/09/26 20:36:00 transactions.go:59: action=AddInput
[ debug ] 2020/09/26 20:36:00 transactions.go:65: action=AddOutput
[ debug ] 2020/09/26 20:36:00 transactions.go:28: action=CalcHash
[ debug ] 2020/09/26 20:36:00 transactions.go:59: action=AddInput
[ debug ] 2020/09/26 20:36:00 transactions.go:65: action=AddOutput
[ debug ] 2020/09/26 20:36:00 transactions.go:28: action=CalcHash
[  info ] 2020/09/26 20:36:00 miner.go:104: Found a valid nonce: 30144 
[ debug ] 2020/09/26 20:36:00 blockchain.go:100: Adding new block: &block.Block{mut:(*sync.Mutex)(0xc0006da040), header:(*block.BlockHeader)(0xc000496080), hash:[32]uint8{0x0, 0x0, 0x6, 0x57, 0x7f, 0x72, 0x94, 0xaf, 0x32, 0xfc, 0x5f, 0xce, 0xd, 0xd2, 0x50, 0x30, 0xf9, 0x54, 0x34, 0xc8, 0xb7, 0xba, 0x86, 0x41, 0xd0, 0x92, 0x23, 0xbe, 0xd1, 0xf4, 0x9, 0xf}, transactions:[]*transaction.Transaction{(*transaction.Transaction)(0xc000594900)}, signerAddr:"Miner", extraNonce:0x6172bfe3} 
[ debug ] 2020/09/26 20:36:00 blockchain.go:101: Now the length of the chain is 2:
[  info ] 2020/09/26 20:36:00 miner.go:130: 000006577f7294af32fc5fce0dd25030f95434c8b7ba8641d09223bed1f4090f 
[ debug ] 2020/09/26 20:36:00 miner.go:131: Closing the quit channel
[ debug ] 2020/09/26 20:36:00 miner.go:57: Restarting Miner
[ debug ] 2020/09/26 20:36:00 miner.go:49: Mining process stopped
[ debug ] 2020/09/26 20:36:00 miner.go:38: Mining process started
[ debug ] 2020/09/26 20:36:00 transactions.go:59: action=AddInput
[ debug ] 2020/09/26 20:36:00 transactions.go:65: action=AddOutput
[ debug ] 2020/09/26 20:36:00 transactions.go:28: action=CalcHash
[ debug ] 2020/09/26 20:36:00 miner.go:81: Someone closed the quit channel
[ debug ] 2020/09/26 20:36:00 transactions.go:59: action=AddInput
[ debug ] 2020/09/26 20:36:00 transactions.go:65: action=AddOutput
[ debug ] 2020/09/26 20:36:00 transactions.go:28: action=CalcHash
[ debug ] 2020/09/26 20:36:00 transactions.go:59: action=AddInput
[ debug ] 2020/09/26 20:36:00 transactions.go:65: action=AddOutput
[ debug ] 2020/09/26 20:36:00 transactions.go:28: action=CalcHash
[ debug ] 2020/09/26 20:36:00 transactions.go:59: action=AddInput
[ debug ] 2020/09/26 20:36:00 transactions.go:65: action=AddOutput
[ debug ] 2020/09/26 20:36:00 transactions.go:28: action=CalcHash
[ debug ] 2020/09/26 20:36:00 transactions.go:59: action=AddInput
[ debug ] 2020/09/26 20:36:00 transactions.go:65: action=AddOutput
[ debug ] 2020/09/26 20:36:00 transactions.go:28: action=CalcHash
[ debug ] 2020/09/26 20:36:00 transactions.go:59: action=AddInput
[ debug ] 2020/09/26 20:36:00 transactions.go:65: action=AddOutput
[ debug ] 2020/09/26 20:36:00 transactions.go:28: action=CalcHash
[ debug ] 2020/09/26 20:36:00 transactions.go:59: action=AddInput
[ debug ] 2020/09/26 20:36:00 transactions.go:65: action=AddOutput
[ debug ] 2020/09/26 20:36:00 transactions.go:28: action=CalcHash
[ debug ] 2020/09/26 20:36:00 transactions.go:59: action=AddInput
[ debug ] 2020/09/26 20:36:00 transactions.go:65: action=AddOutput
[ debug ] 2020/09/26 20:36:00 transactions.go:28: action=CalcHash
[  info ] 2020/09/26 20:36:07 blockchain.go:53: No blocks found in the db. Creating the genesis block
[ debug ] 2020/09/26 20:36:07 blockchain.go:100: Adding new block: &block.Block{mut:(*sync.Mutex)(nil), header:(*block.BlockHeader)(nil), hash:[32]uint8{0x0, 0x0, 0x0, 0x0, 0x0, 0x0, 0x0, 0x0, 0x0, 0x0, 0x0, 0x0, 0x0, 0x0, 0x0, 0x0, 0x0, 0x0, 0x0, 0x0, 0x0, 0x0, 0x0, 0x0, 0x0, 0x0, 0x0, 0x0, 0x0, 0x0, 0x0, 0x0}, transactions:[]*transaction.Transaction(nil), signerAddr:"", extraNonce:0x0} 
[ debug ] 2020/09/26 20:36:07 blockchain.go:101: Now the length of the chain is 0:
[  info ] 2020/09/26 20:36:07 server.go:46: Starting service Blockchain 
[  info ] 2020/09/26 20:36:07 server.go:51: Successfully started service Blockchain 
[  info ] 2020/09/26 20:36:07 server.go:46: Starting service Miner 
[ debug ] 2020/09/26 20:36:07 miner.go:38: Mining process started
[  info ] 2020/09/26 20:36:07 server.go:51: Successfully started service Miner 
[  info ] 2020/09/26 20:36:07 server.go:54: Successfully started the node
[ trace ] 2020/09/26 20:36:07 miner.go:112: Started generating a new block
[ trace ] 2020/09/26 20:36:07 miner.go:112: Started generating a new block
[ trace ] 2020/09/26 20:36:07 miner.go:112: Started generating a new block
[ trace ] 2020/09/26 20:36:07 miner.go:112: Started generating a new block
[ trace ] 2020/09/26 20:36:07 miner.go:112: Started generating a new block
[ debug ] 2020/09/26 20:36:07 transactions.go:59: action=AddInput
[ debug ] 2020/09/26 20:36:07 transactions.go:65: action=AddOutput
[ debug ] 2020/09/26 20:36:07 transactions.go:28: action=CalcHash
[ debug ] 2020/09/26 20:36:07 transactions.go:59: action=AddInput
[ debug ] 2020/09/26 20:36:07 transactions.go:65: action=AddOutput
[ debug ] 2020/09/26 20:36:07 transactions.go:28: action=CalcHash
[ trace ] 2020/09/26 20:36:07 miner.go:112: Started generating a new block
[ debug ] 2020/09/26 20:36:07 transactions.go:59: action=AddInput
[ trace ] 2020/09/26 20:36:07 miner.go:112: Started generating a new block
[ debug ] 2020/09/26 20:36:07 transactions.go:59: action=AddInput
[ trace ] 2020/09/26 20:36:07 miner.go:112: Started generating a new block
[ debug ] 2020/09/26 20:36:07 transactions.go:59: action=AddInput
[ trace ] 2020/09/26 20:36:07 miner.go:112: Started generating a new block
[ debug ] 2020/09/26 20:36:07 transactions.go:59: action=AddInput
[ trace ] 2020/09/26 20:36:07 miner.go:112: Started generating a new block
[ debug ] 2020/09/26 20:36:07 transactions.go:59: action=AddInput
[ debug ] 2020/09/26 20:36:07 transactions.go:65: action=AddOutput
[ debug ] 2020/09/26 20:36:07 transactions.go:59: action=AddInput
[ debug ] 2020/09/26 20:36:07 transactions.go:65: action=AddOutput
[ debug ] 2020/09/26 20:36:07 transactions.go:28: action=CalcHash
[ debug ] 2020/09/26 20:36:07 transactions.go:59: action=AddInput
[ debug ] 2020/09/26 20:36:07 transactions.go:65: action=AddOutput
[ debug ] 2020/09/26 20:36:07 transactions.go:28: action=CalcHash
[ trace ] 2020/09/26 20:36:07 miner.go:112: Started generating a new block
[ debug ] 2020/09/26 20:36:07 transactions.go:59: action=AddInput
[ debug ] 2020/09/26 20:36:07 transactions.go:65: action=AddOutput
[ debug ] 2020/09/26 20:36:07 transactions.go:28: action=CalcHash
[ debug ] 2020/09/26 20:36:07 transactions.go:59: action=AddInput
[ debug ] 2020/09/26 20:36:07 transactions.go:65: action=AddOutput
[ debug ] 2020/09/26 20:36:07 transactions.go:28: action=CalcHash
[ trace ] 2020/09/26 20:36:07 miner.go:112: Started generating a new block
[ debug ] 2020/09/26 20:36:07 transactions.go:59: action=AddInput
[ debug ] 2020/09/26 20:36:07 transactions.go:65: action=AddOutput
[ debug ] 2020/09/26 20:36:07 transactions.go:28: action=CalcHash
[ debug ] 2020/09/26 20:36:07 transactions.go:65: action=AddOutput
[ debug ] 2020/09/26 20:36:07 transactions.go:28: action=CalcHash
[ debug ] 2020/09/26 20:36:07 transactions.go:65: action=AddOutput
[ debug ] 2020/09/26 20:36:07 transactions.go:28: action=CalcHash
[ debug ] 2020/09/26 20:36:07 transactions.go:65: action=AddOutput
[ debug ] 2020/09/26 20:36:07 transactions.go:28: action=CalcHash
[ debug ] 2020/09/26 20:36:07 transactions.go:65: action=AddOutput
[ debug ] 2020/09/26 20:36:07 transactions.go:28: action=CalcHash
[ debug ] 2020/09/26 20:36:07 transactions.go:28: action=CalcHash
[  info ] 2020/09/26 20:36:07 miner.go:104: Found a valid nonce: 15986 
[ debug ] 2020/09/26 20:36:07 blockchain.go:100: Adding new block: &block.Block{mut:(*sync.Mutex)(0xc00018c068), header:(*block.BlockHeader)(0xc000196040), hash:[32]uint8{0x0, 0x0, 0xc, 0xa9, 0x27, 0x19, 0xae, 0x44, 0x7f, 0x3d, 0xc1, 0x83, 0x93, 0x94, 0x18, 0x25, 0x26, 0xbf, 0xc9, 0xe1, 0x15, 0xd5, 0xf0, 0x10, 0x7, 0x50, 0xb, 0x2a, 0xb0, 0xbf, 0xbb, 0xbc}, transactions:[]*transaction.Transaction{(*transaction.Transaction)(0xc0001841e0)}, signerAddr:"Miner", extraNonce:0xafd3a30c} 
[ debug ] 2020/09/26 20:36:07 blockchain.go:101: Now the length of the chain is 1:
[  info ] 2020/09/26 20:36:07 miner.go:130: 00000ca92719ae447f3dc1839394182526bfc9e115d5f01007500b2ab0bfbbbc 
[ debug ] 2020/09/26 20:36:07 miner.go:131: Closing the quit channel
[ debug ] 2020/09/26 20:36:07 miner.go:57: Restarting Miner
[ debug ] 2020/09/26 20:36:07 miner.go:49: Mining process stopped
[ debug ] 2020/09/26 20:36:07 miner.go:38: Mining process started
[ debug ] 2020/09/26 20:36:07 transactions.go:59: action=AddInput
[ debug ] 2020/09/26 20:36:07 transactions.go:65: action=AddOutput
[ debug ] 2020/09/26 20:36:07 transactions.go:28: action=CalcHash
[ debug ] 2020/09/26 20:36:07 transactions.go:59: action=AddInput
[ trace ] 2020/09/26 20:36:07 miner.go:112: Started generating a new block
[ debug ] 2020/09/26 20:36:07 miner.go:81: Someone closed the quit channel
[ trace ] 2020/09/26 20:36:07 miner.go:112: Started generating a new block
[ trace ] 2020/09/26 20:36:07 miner.go:112: Started generating a new block
[ trace ] 2020/09/26 20:36:07 miner.go:112: Started generating a new block
[ trace ] 2020/09/26 20:36:07 miner.go:112: Started generating a new block
[ trace ] 2020/09/26 20:36:07 miner.go:112: Started generating a new block
[ trace ] 2020/09/26 20:36:07 miner.go:112: Started generating a new block
[ trace ] 2020/09/26 20:36:07 miner.go:112: Started generating a new block
[ trace ] 2020/09/26 20:36:07 miner.go:112: Started generating a new block
[ trace ] 2020/09/26 20:36:07 miner.go:112: Started generating a new block
[ trace ] 2020/09/26 20:36:07 miner.go:112: Started generating a new block
[ trace ] 2020/09/26 20:36:07 miner.go:112: Started generating a new block
[ debug ] 2020/09/26 20:36:07 transactions.go:65: action=AddOutput
[ debug ] 2020/09/26 20:36:07 transactions.go:28: action=CalcHash
[ debug ] 2020/09/26 20:36:07 transactions.go:59: action=AddInput
[ debug ] 2020/09/26 20:36:07 transactions.go:65: action=AddOutput
[ debug ] 2020/09/26 20:36:07 transactions.go:28: action=CalcHash
[ debug ] 2020/09/26 20:36:07 transactions.go:59: action=AddInput
[ debug ] 2020/09/26 20:36:07 transactions.go:65: action=AddOutput
[ debug ] 2020/09/26 20:36:07 transactions.go:28: action=CalcHash
[ debug ] 2020/09/26 20:36:07 transactions.go:59: action=AddInput
[ debug ] 2020/09/26 20:36:07 transactions.go:65: action=AddOutput
[ debug ] 2020/09/26 20:36:07 transactions.go:28: action=CalcHash
[ debug ] 2020/09/26 20:36:07 transactions.go:59: action=AddInput
[ debug ] 2020/09/26 20:36:07 transactions.go:65: action=AddOutput
[ debug ] 2020/09/26 20:36:07 transactions.go:28: action=CalcHash
[ debug ] 2020/09/26 20:36:07 transactions.go:59: action=AddInput
[ debug ] 2020/09/26 20:36:07 transactions.go:65: action=AddOutput
[ debug ] 2020/09/26 20:36:07 transactions.go:28: action=CalcHash
[ debug ] 2020/09/26 20:36:07 transactions.go:59: action=AddInput
[ debug ] 2020/09/26 20:36:07 transactions.go:65: action=AddOutput
[ debug ] 2020/09/26 20:36:07 transactions.go:28: action=CalcHash
[ debug ] 2020/09/26 20:36:07 transactions.go:59: action=AddInput
[ debug ] 2020/09/26 20:36:07 transactions.go:65: action=AddOutput
[ debug ] 2020/09/26 20:36:07 transactions.go:28: action=CalcHash
[ debug ] 2020/09/26 20:36:07 transactions.go:59: action=AddInput
[ debug ] 2020/09/26 20:36:07 transactions.go:65: action=AddOutput
[ debug ] 2020/09/26 20:36:07 transactions.go:28: action=CalcHash
[ debug ] 2020/09/26 20:36:07 transactions.go:59: action=AddInput
[ debug ] 2020/09/26 20:36:07 transactions.go:65: action=AddOutput
[ debug ] 2020/09/26 20:36:07 transactions.go:28: action=CalcHash
[ debug ] 2020/09/26 20:36:07 transactions.go:59: action=AddInput
[ debug ] 2020/09/26 20:36:07 transactions.go:65: action=AddOutput
[ debug ] 2020/09/26 20:36:07 transactions.go:59: action=AddInput
[ debug ] 2020/09/26 20:36:07 transactions.go:59: action=AddInput
[ debug ] 2020/09/26 20:36:07 transactions.go:28: action=CalcHash
[ debug ] 2020/09/26 20:36:07 transactions.go:65: action=AddOutput
[ debug ] 2020/09/26 20:36:07 transactions.go:28: action=CalcHash
[ debug ] 2020/09/26 20:36:07 transactions.go:65: action=AddOutput
[ debug ] 2020/09/26 20:36:07 transactions.go:28: action=CalcHash
[  info ] 2020/09/26 20:36:07 miner.go:104: Found a valid nonce: 23664 
[ debug ] 2020/09/26 20:36:07 blockchain.go:100: Adding new block: &block.Block{mut:(*sync.Mutex)(0xc0000124a0), header:(*block.BlockHeader)(0xc000102100), hash:[32]uint8{0x0, 0x0, 0x5, 0x35, 0x11, 0xec, 0xf6, 0xa, 0x71, 0x18, 0xb9, 0x9c, 0x4b, 0x30, 0x2f, 0x82, 0x21, 0x3f, 0x6, 0xc3, 0xbb, 0xd1, 0xb, 0x62, 0xa7, 0x10, 0xa, 0xbf, 0x54, 0xd7, 0x80, 0x47}, transactions:[]*transaction.Transaction{(*transaction.Transaction)(0xc000024960)}, signerAddr:"Miner", extraNonce:0x83e4f98d} 
[ debug ] 2020/09/26 20:36:07 blockchain.go:101: Now the length of the chain is 2:
[  info ] 2020/09/26 20:36:07 miner.go:130: 0000053511ecf60a7118b99c4b302f82213f06c3bbd10b62a7100abf54d78047 
[ debug ] 2020/09/26 20:36:07 miner.go:131: Closing the quit channel
[ debug ] 2020/09/26 20:36:07 miner.go:57: Restarting Miner
[ debug ] 2020/09/26 20:36:07 miner.go:49: Mining process stopped
[ debug ] 2020/09/26 20:36:07 miner.go:81: Someone closed the quit channel
[ debug ] 2020/09/26 20:36:07 miner.go:38: Mining process started
[ trace ] 2020/09/26 20:36:07 miner.go:112: Started generating a new block
[ debug ] 2020/09/26 20:36:07 transactions.go:59: action=AddInput
[ debug ] 2020/09/26 20:36:07 transactions.go:65: action=AddOutput
[ debug ] 2020/09/26 20:36:07 transactions.go:28: action=CalcHash
[ trace ] 2020/09/26 20:36:07 miner.go:112: Started generating a new block
[ debug ] 2020/09/26 20:36:07 transactions.go:59: action=AddInput
[ trace ] 2020/09/26 20:36:07 miner.go:112: Started generating a new block
[ trace ] 2020/09/26 20:36:07 miner.go:112: Started generating a new block
[ trace ] 2020/09/26 20:36:07 miner.go:112: Started generating a new block
[ debug ] 2020/09/26 20:36:07 transactions.go:59: action=AddInput
[ trace ] 2020/09/26 20:36:07 miner.go:112: Started generating a new block
[ trace ] 2020/09/26 20:36:07 miner.go:112: Started generating a new block
[ trace ] 2020/09/26 20:36:07 miner.go:112: Started generating a new block
[ trace ] 2020/09/26 20:36:07 miner.go:112: Started generating a new block
[ debug ] 2020/09/26 20:36:07 transactions.go:65: action=AddOutput
[ trace ] 2020/09/26 20:36:07 miner.go:112: Started generating a new block
[ trace ] 2020/09/26 20:36:07 miner.go:112: Started generating a new block
[ trace ] 2020/09/26 20:36:07 miner.go:112: Started generating a new block
[ debug ] 2020/09/26 20:36:07 transactions.go:59: action=AddInput
[  info ] 2020/09/26 20:36:07 miner.go:104: Found a valid nonce: 16772 
[ debug ] 2020/09/26 20:36:07 transactions.go:59: action=AddInput
[ debug ] 2020/09/26 20:36:07 transactions.go:65: action=AddOutput
[ debug ] 2020/09/26 20:36:07 transactions.go:28: action=CalcHash
[ debug ] 2020/09/26 20:36:07 transactions.go:59: action=AddInput
[ debug ] 2020/09/26 20:36:07 transactions.go:65: action=AddOutput
[ debug ] 2020/09/26 20:36:07 transactions.go:28: action=CalcHash
[ debug ] 2020/09/26 20:36:07 transactions.go:59: action=AddInput
[ debug ] 2020/09/26 20:36:07 transactions.go:65: action=AddOutput
[ debug ] 2020/09/26 20:36:07 transactions.go:59: action=AddInput
[ debug ] 2020/09/26 20:36:07 transactions.go:28: action=CalcHash
[ debug ] 2020/09/26 20:36:07 transactions.go:59: action=AddInput
[ debug ] 2020/09/26 20:36:07 transactions.go:59: action=AddInput
[ debug ] 2020/09/26 20:36:07 transactions.go:59: action=AddInput
[ debug ] 2020/09/26 20:36:07 transactions.go:65: action=AddOutput
[ debug ] 2020/09/26 20:36:07 transactions.go:59: action=AddInput
[ debug ] 2020/09/26 20:36:07 transactions.go:65: action=AddOutput
[ debug ] 2020/09/26 20:36:07 transactions.go:59: action=AddInput
[ debug ] 2020/09/26 20:36:07 blockchain.go:100: Adding new block: &block.Block{mut:(*sync.Mutex)(0xc00022cec0), header:(*block.BlockHeader)(0xc000102240), hash:[32]uint8{0x0, 0x0, 0xa, 0x47, 0x6a, 0xd6, 0x52, 0x2, 0x91, 0xca, 0xde, 0xf4, 0xf6, 0x71, 0xa0, 0xce, 0x5f, 0xd9, 0x88, 0xd8, 0xe4, 0x62, 0x28, 0xa, 0x7f, 0xb7, 0x23, 0xfc, 0x2, 0x8f, 0xd1, 0x97}, transactions:[]*transaction.Transaction{(*transaction.Transaction)(0xc000316840)}, signerAddr:"Miner", extraNonce:0x9217a4d1} 
[ debug ] 2020/09/26 20:36:07 blockchain.go:101: Now the length of the chain is 3:
[  info ] 2020/09/26 20:36:07 miner.go:130: 00000a476ad6520291cadef4f671a0ce5fd988d8e462280a7fb723fc028fd197 
[ debug ] 2020/09/26 20:36:07 miner.go:131: Closing the quit channel
[ debug ] 2020/09/26 20:36:07 miner.go:57: Restarting Miner
[ debug ] 2020/09/26 20:36:07 miner.go:49: Mining process stopped
[ debug ] 2020/09/26 20:36:07 miner.go:38: Mining process started
[ debug ] 2020/09/26 20:36:07 transactions.go:59: action=AddInput
[ debug ] 2020/09/26 20:36:07 transactions.go:65: action=AddOutput
[ debug ] 2020/09/26 20:36:07 transactions.go:28: action=CalcHash
[ debug ] 2020/09/26 20:36:07 miner.go:81: Someone closed the quit channel
[ debug ] 2020/09/26 20:36:07 transactions.go:28: action=CalcHash
[ debug ] 2020/09/26 20:36:07 transactions.go:65: action=AddOutput
[ debug ] 2020/09/26 20:36:07 transactions.go:28: action=CalcHash
[ debug ] 2020/09/26 20:36:07 transactions.go:65: action=AddOutput
[ debug ] 2020/09/26 20:36:07 transactions.go:28: action=CalcHash
[ debug ] 2020/09/26 20:36:07 transactions.go:65: action=AddOutput
[ debug ] 2020/09/26 20:36:07 transactions.go:28: action=CalcHash
[ debug ] 2020/09/26 20:36:07 transactions.go:28: action=CalcHash
[ debug ] 2020/09/26 20:36:07 transactions.go:28: action=CalcHash
[ debug ] 2020/09/26 20:36:07 transactions.go:65: action=AddOutput
[ debug ] 2020/09/26 20:36:07 transactions.go:28: action=CalcHash
[ debug ] 2020/09/26 20:36:07 transactions.go:65: action=AddOutput
[ debug ] 2020/09/26 20:36:07 transactions.go:28: action=CalcHash
[ debug ] 2020/09/26 20:36:07 transactions.go:65: action=AddOutput
[ debug ] 2020/09/26 20:36:07 transactions.go:28: action=CalcHash
[ trace ] 2020/09/26 20:36:07 miner.go:112: Started generating a new block
[ debug ] 2020/09/26 20:36:07 transactions.go:59: action=AddInput
[ debug ] 2020/09/26 20:36:07 transactions.go:65: action=AddOutput
[ debug ] 2020/09/26 20:36:07 transactions.go:28: action=CalcHash
[ trace ] 2020/09/26 20:36:07 miner.go:112: Started generating a new block
[ debug ] 2020/09/26 20:36:07 transactions.go:59: action=AddInput
[ debug ] 2020/09/26 20:36:07 transactions.go:65: action=AddOutput
[ debug ] 2020/09/26 20:36:07 transactions.go:28: action=CalcHash
[ trace ] 2020/09/26 20:36:07 miner.go:112: Started generating a new block
[ debug ] 2020/09/26 20:36:07 transactions.go:59: action=AddInput
[ debug ] 2020/09/26 20:36:07 transactions.go:65: action=AddOutput
[ debug ] 2020/09/26 20:36:07 transactions.go:28: action=CalcHash
[ trace ] 2020/09/26 20:36:07 miner.go:112: Started generating a new block
[ debug ] 2020/09/26 20:36:07 transactions.go:59: action=AddInput
[ debug ] 2020/09/26 20:36:07 transactions.go:65: action=AddOutput
[ debug ] 2020/09/26 20:36:07 transactions.go:28: action=CalcHash
[ trace ] 2020/09/26 20:36:07 miner.go:112: Started generating a new block
[ debug ] 2020/09/26 20:36:07 transactions.go:59: action=AddInput
[ trace ] 2020/09/26 20:36:07 miner.go:112: Started generating a new block
[ trace ] 2020/09/26 20:36:07 miner.go:112: Started generating a new block
[ trace ] 2020/09/26 20:36:07 miner.go:112: Started generating a new block
[ trace ] 2020/09/26 20:36:07 miner.go:112: Started generating a new block
[ trace ] 2020/09/26 20:36:07 miner.go:112: Started generating a new block
[ trace ] 2020/09/26 20:36:07 miner.go:112: Started generating a new block
[ trace ] 2020/09/26 20:36:07 miner.go:112: Started generating a new block
[ debug ] 2020/09/26 20:36:07 transactions.go:65: action=AddOutput
[ debug ] 2020/09/26 20:36:07 transactions.go:28: action=CalcHash
[ debug ] 2020/09/26 20:36:07 transactions.go:59: action=AddInput
[ debug ] 2020/09/26 20:36:07 transactions.go:65: action=AddOutput
[ debug ] 2020/09/26 20:36:07 transactions.go:28: action=CalcHash
[ debug ] 2020/09/26 20:36:07 transactions.go:59: action=AddInput
[ debug ] 2020/09/26 20:36:07 transactions.go:65: action=AddOutput
[ debug ] 2020/09/26 20:36:07 transactions.go:28: action=CalcHash
[ debug ] 2020/09/26 20:36:07 transactions.go:59: action=AddInput
[ debug ] 2020/09/26 20:36:07 transactions.go:65: action=AddOutput
[ debug ] 2020/09/26 20:36:07 transactions.go:28: action=CalcHash
[ debug ] 2020/09/26 20:36:07 transactions.go:59: action=AddInput
[ debug ] 2020/09/26 20:36:07 transactions.go:65: action=AddOutput
[ debug ] 2020/09/26 20:36:07 transactions.go:28: action=CalcHash
[ debug ] 2020/09/26 20:36:07 transactions.go:59: action=AddInput
[ debug ] 2020/09/26 20:36:07 transactions.go:65: action=AddOutput
[ debug ] 2020/09/26 20:36:07 transactions.go:28: action=CalcHash
[ debug ] 2020/09/26 20:36:07 transactions.go:59: action=AddInput
[ debug ] 2020/09/26 20:36:07 transactions.go:65: action=AddOutput
[ debug ] 2020/09/26 20:36:07 transactions.go:28: action=CalcHash
[ debug ] 2020/09/26 20:36:07 transactions.go:59: action=AddInput
[ debug ] 2020/09/26 20:36:07 transactions.go:65: action=AddOutput
[ debug ] 2020/09/26 20:36:07 transactions.go:28: action=CalcHash
[  info ] 2020/09/26 20:36:08 miner.go:104: Found a valid nonce: 8577 
[ debug ] 2020/09/26 20:36:08 blockchain.go:100: Adding new block: &block.Block{mut:(*sync.Mutex)(0xc0004fe000), header:(*block.BlockHeader)(0xc000196240), hash:[32]uint8{0x0, 0x0, 0x0, 0x15, 0xd6, 0x9e, 0x7d, 0x23, 0x1f, 0xee, 0xe7, 0x46, 0x6c, 0xe6, 0x7c, 0xdc, 0xac, 0x67, 0xf7, 0xc0, 0x8b, 0x6d, 0x78, 0xb9, 0x5c, 0x6e, 0x56, 0xcf, 0x41, 0x70, 0x24, 0x31}, transactions:[]*transaction.Transaction{(*transaction.Transaction)(0xc000317d40)}, signerAddr:"Miner", extraNonce:0x87d47727} 
[ debug ] 2020/09/26 20:36:08 blockchain.go:101: Now the length of the chain is 4:
[  info ] 2020/09/26 20:36:08 miner.go:130: 00000015d69e7d231feee7466ce67cdcac67f7c08b6d78b95c6e56cf41702431 
[ debug ] 2020/09/26 20:36:08 miner.go:131: Closing the quit channel
[ debug ] 2020/09/26 20:36:08 miner.go:57: Restarting Miner
[ debug ] 2020/09/26 20:36:08 miner.go:49: Mining process stopped
[ debug ] 2020/09/26 20:36:08 transactions.go:59: action=AddInput
[ debug ] 2020/09/26 20:36:08 transactions.go:65: action=AddOutput
[ debug ] 2020/09/26 20:36:08 transactions.go:28: action=CalcHash
[ debug ] 2020/09/26 20:36:08 miner.go:81: Someone closed the quit channel
[ trace ] 2020/09/26 20:36:08 miner.go:112: Started generating a new block
[ trace ] 2020/09/26 20:36:08 miner.go:112: Started generating a new block
[ trace ] 2020/09/26 20:36:08 miner.go:112: Started generating a new block
[ debug ] 2020/09/26 20:36:08 transactions.go:59: action=AddInput
[ debug ] 2020/09/26 20:36:08 transactions.go:65: action=AddOutput
[ debug ] 2020/09/26 20:36:08 transactions.go:28: action=CalcHash
[ trace ] 2020/09/26 20:36:08 miner.go:112: Started generating a new block
[ debug ] 2020/09/26 20:36:08 transactions.go:59: action=AddInput
[ trace ] 2020/09/26 20:36:08 miner.go:112: Started generating a new block
[ debug ] 2020/09/26 20:36:08 transactions.go:59: action=AddInput
[ debug ] 2020/09/26 20:36:08 transactions.go:65: action=AddOutput
[ debug ] 2020/09/26 20:36:08 transactions.go:28: action=CalcHash
[ debug ] 2020/09/26 20:36:08 miner.go:38: Mining process started
[ debug ] 2020/09/26 20:36:08 transactions.go:59: action=AddInput
[ debug ] 2020/09/26 20:36:08 transactions.go:65: action=AddOutput
[ debug ] 2020/09/26 20:36:08 transactions.go:28: action=CalcHash
[ trace ] 2020/09/26 20:36:08 miner.go:112: Started generating a new block
[ debug ] 2020/09/26 20:36:08 transactions.go:59: action=AddInput
[ debug ] 2020/09/26 20:36:08 transactions.go:65: action=AddOutput
[ debug ] 2020/09/26 20:36:08 transactions.go:28: action=CalcHash
[ trace ] 2020/09/26 20:36:08 miner.go:112: Started generating a new block
[ debug ] 2020/09/26 20:36:08 transactions.go:59: action=AddInput
[ trace ] 2020/09/26 20:36:08 miner.go:112: Started generating a new block
[ debug ] 2020/09/26 20:36:08 transactions.go:59: action=AddInput
[ trace ] 2020/09/26 20:36:08 miner.go:112: Started generating a new block
[ trace ] 2020/09/26 20:36:08 miner.go:112: Started generating a new block
[ trace ] 2020/09/26 20:36:08 miner.go:112: Started generating a new block
[ debug ] 2020/09/26 20:36:08 transactions.go:59: action=AddInput
[ debug ] 2020/09/26 20:36:08 transactions.go:65: action=AddOutput
[ trace ] 2020/09/26 20:36:08 miner.go:112: Started generating a new block
[ debug ] 2020/09/26 20:36:08 transactions.go:59: action=AddInput
[ debug ] 2020/09/26 20:36:08 transactions.go:65: action=AddOutput
[ debug ] 2020/09/26 20:36:08 transactions.go:28: action=CalcHash
[ debug ] 2020/09/26 20:36:08 transactions.go:59: action=AddInput
[ debug ] 2020/09/26 20:36:08 transactions.go:65: action=AddOutput
[ debug ] 2020/09/26 20:36:08 transactions.go:28: action=CalcHash
[ debug ] 2020/09/26 20:36:08 transactions.go:59: action=AddInput
[ debug ] 2020/09/26 20:36:08 transactions.go:59: action=AddInput
[ debug ] 2020/09/26 20:36:08 transactions.go:65: action=AddOutput
[ debug ] 2020/09/26 20:36:08 transactions.go:28: action=CalcHash
[ debug ] 2020/09/26 20:36:08 transactions.go:59: action=AddInput
[ debug ] 2020/09/26 20:36:08 transactions.go:65: action=AddOutput
[ debug ] 2020/09/26 20:36:08 transactions.go:28: action=CalcHash
[ debug ] 2020/09/26 20:36:08 transactions.go:28: action=CalcHash
[ debug ] 2020/09/26 20:36:08 transactions.go:65: action=AddOutput
[ debug ] 2020/09/26 20:36:08 transactions.go:28: action=CalcHash
[ debug ] 2020/09/26 20:36:08 transactions.go:65: action=AddOutput
[ debug ] 2020/09/26 20:36:08 transactions.go:65: action=AddOutput
[ debug ] 2020/09/26 20:36:08 transactions.go:65: action=AddOutput
[  info ] 2020/09/26 20:36:08 miner.go:104: Found a valid nonce: 29088 
[ debug ] 2020/09/26 20:36:08 transactions.go:28: action=CalcHash
[ debug ] 2020/09/26 20:36:08 transactions.go:28: action=CalcHash
[ debug ] 2020/09/26 20:36:08 transactions.go:28: action=CalcHash
[ debug ] 2020/09/26 20:36:08 blockchain.go:100: Adding new block: &block.Block{mut:(*sync.Mutex)(0xc000806030), header:(*block.BlockHeader)(0xc000102440), hash:[32]uint8{0x0, 0x0, 0x9, 0x17, 0x27, 0x8d, 0xbf, 0x87, 0x52, 0x7f, 0x78, 0x5, 0xc9, 0x57, 0xc3, 0x4b, 0x56, 0x27, 0xc0, 0x17, 0xd8, 0x30, 0xd, 0x23, 0xff, 0xd2, 0x7b, 0x2e, 0xd6, 0x9a, 0x19, 0x16}, transactions:[]*transaction.Transaction{(*transaction.Transaction)(0xc000025da0)}, signerAddr:"Miner", extraNonce:0xb25c2fef} 
[ debug ] 2020/09/26 20:36:08 blockchain.go:101: Now the length of the chain is 5:
[  info ] 2020/09/26 20:36:08 miner.go:130: 00000917278dbf87527f7805c957c34b5627c017d8300d23ffd27b2ed69a1916 
[ debug ] 2020/09/26 20:36:08 miner.go:131: Closing the quit channel
[ debug ] 2020/09/26 20:36:08 miner.go:57: Restarting Miner
[ debug ] 2020/09/26 20:36:08 miner.go:49: Mining process stopped
[ debug ] 2020/09/26 20:36:08 miner.go:81: Someone closed the quit channel
[ debug ] 2020/09/26 20:36:08 miner.go:38: Mining process started
[ debug ] 2020/09/26 20:36:08 transactions.go:59: action=AddInput
[ debug ] 2020/09/26 20:36:08 transactions.go:65: action=AddOutput
[ debug ] 2020/09/26 20:36:08 transactions.go:28: action=CalcHash
[ trace ] 2020/09/26 20:36:08 miner.go:112: Started generating a new block
[ trace ] 2020/09/26 20:36:08 miner.go:112: Started generating a new block
[ debug ] 2020/09/26 20:36:08 transactions.go:59: action=AddInput
[ debug ] 2020/09/26 20:36:08 transactions.go:65: action=AddOutput
[ debug ] 2020/09/26 20:36:08 transactions.go:28: action=CalcHash
[ trace ] 2020/09/26 20:36:08 miner.go:112: Started generating a new block
[ trace ] 2020/09/26 20:36:08 miner.go:112: Started generating a new block
[ debug ] 2020/09/26 20:36:08 transactions.go:59: action=AddInput
[ debug ] 2020/09/26 20:36:08 transactions.go:65: action=AddOutput
[ debug ] 2020/09/26 20:36:08 transactions.go:28: action=CalcHash
[ trace ] 2020/09/26 20:36:08 miner.go:112: Started generating a new block
[ debug ] 2020/09/26 20:36:08 transactions.go:59: action=AddInput
[ debug ] 2020/09/26 20:36:08 transactions.go:65: action=AddOutput
[ debug ] 2020/09/26 20:36:08 transactions.go:28: action=CalcHash
[ trace ] 2020/09/26 20:36:08 miner.go:112: Started generating a new block
[ debug ] 2020/09/26 20:36:08 transactions.go:59: action=AddInput
[ debug ] 2020/09/26 20:36:08 transactions.go:65: action=AddOutput
[ debug ] 2020/09/26 20:36:08 transactions.go:28: action=CalcHash
[ trace ] 2020/09/26 20:36:08 miner.go:112: Started generating a new block
[ debug ] 2020/09/26 20:36:08 transactions.go:59: action=AddInput
[ debug ] 2020/09/26 20:36:08 transactions.go:65: action=AddOutput
[ trace ] 2020/09/26 20:36:08 miner.go:112: Started generating a new block
[ trace ] 2020/09/26 20:36:08 miner.go:112: Started generating a new block
[ trace ] 2020/09/26 20:36:08 miner.go:112: Started generating a new block
[ trace ] 2020/09/26 20:36:08 miner.go:112: Started generating a new block
[ trace ] 2020/09/26 20:36:08 miner.go:112: Started generating a new block
[ debug ] 2020/09/26 20:36:08 transactions.go:59: action=AddInput
[ debug ] 2020/09/26 20:36:08 transactions.go:59: action=AddInput
[  info ] 2020/09/26 20:36:08 miner.go:104: Found a valid nonce: 28583 
[ debug ] 2020/09/26 20:36:08 transactions.go:28: action=CalcHash
[ debug ] 2020/09/26 20:36:08 transactions.go:59: action=AddInput
[ debug ] 2020/09/26 20:36:08 transactions.go:65: action=AddOutput
[ debug ] 2020/09/26 20:36:08 transactions.go:28: action=CalcHash
[ debug ] 2020/09/26 20:36:08 transactions.go:59: action=AddInput
[ debug ] 2020/09/26 20:36:08 transactions.go:65: action=AddOutput
[ debug ] 2020/09/26 20:36:08 transactions.go:28: action=CalcHash
[ debug ] 2020/09/26 20:36:08 transactions.go:59: action=AddInput
[ debug ] 2020/09/26 20:36:08 transactions.go:65: action=AddOutput
[ debug ] 2020/09/26 20:36:08 transactions.go:28: action=CalcHash
[ debug ] 2020/09/26 20:36:08 transactions.go:65: action=AddOutput
[ debug ] 2020/09/26 20:36:08 transactions.go:28: action=CalcHash
[ debug ] 2020/09/26 20:36:08 transactions.go:65: action=AddOutput
[ debug ] 2020/09/26 20:36:08 transactions.go:28: action=CalcHash
[ debug ] 2020/09/26 20:36:08 transactions.go:59: action=AddInput
[ debug ] 2020/09/26 20:36:08 transactions.go:65: action=AddOutput
[ debug ] 2020/09/26 20:36:08 transactions.go:28: action=CalcHash
[ debug ] 2020/09/26 20:36:08 transactions.go:59: action=AddInput
[ debug ] 2020/09/26 20:36:08 transactions.go:65: action=AddOutput
[ debug ] 2020/09/26 20:36:08 transactions.go:28: action=CalcHash
[  info ] 2020/09/26 20:36:20 blockchain.go:53: No blocks found in the db. Creating the genesis block
[  info ] 2020/09/26 20:36:20 server.go:46: Starting service Blockchain 
[  info ] 2020/09/26 20:36:20 server.go:51: Successfully started service Blockchain 
[  info ] 2020/09/26 20:36:20 server.go:46: Starting service Miner 
[  info ] 2020/09/26 20:36:20 server.go:51: Successfully started service Miner 
[  info ] 2020/09/26 20:36:20 server.go:54: Successfully started the node
[  info ] 2020/09/26 20:36:21 miner.go:104: Found a valid nonce: 195407 
[  info ] 2020/09/26 20:36:21 miner.go:130: 00000f615dcbfbdbd215344f9f4c3415b3aa610207ce543bcd065747d152c686 
[  info ] 2020/09/26 20:36:21 miner.go:104: Found a valid nonce: 168209 
[  info ] 2020/09/26 20:36:21 miner.go:130: 00000d7895f725cce5729dc353c979ed82462450444a8d03903a687d3da6520f 
[  info ] 2020/09/26 20:36:23 miner.go:104: Found a valid nonce: 108454 
[  info ] 2020/09/26 20:36:23 miner.go:130: 000008edd0299bae4dbce9a8043868f81d421dc6f8ccda20144a56629638d869 
[  info ] 2020/09/26 20:36:23 miner.go:104: Found a valid nonce: 151181 
[  info ] 2020/09/26 20:36:23 miner.go:130: 0000080d1b8758c9889815b521665aaa6ba448865e8748fbcc2e874921906ea4 
[  info ] 2020/09/26 20:38:24 blockchain.go:53: No blocks found in the db. Creating the genesis block
[  info ] 2020/09/26 20:38:24 server.go:46: Starting service Blockchain 
[  info ] 2020/09/26 20:38:24 server.go:51: Successfully started service Blockchain 
[  info ] 2020/09/26 20:38:24 server.go:46: Starting service Miner 
[  info ] 2020/09/26 20:38:24 server.go:51: Successfully started service Miner 
[  info ] 2020/09/26 20:38:24 server.go:54: Successfully started the node
[  info ] 2020/09/26 20:38:24 miner.go:104: Found a valid nonce: 5433 
[  info ] 2020/09/26 20:38:24 miner.go:130: 00000ba407d845452d2a2339359c1e263a77e1c1305e7e017714305ccc61fbcf 
